[14:39:45] This is prokka 1.14.6
[14:39:45] Written by Torsten Seemann <torsten.seemann@gmail.com>
[14:39:45] Homepage is https://github.com/tseemann/prokka
[14:39:45] Local time is Mon Jul 28 14:39:45 2025
[14:39:45] You are admin
[14:39:45] Operating system is darwin
[14:39:45] You have BioPerl 1.7.8
[14:39:46] System has 8 cores.
[14:39:46] Will use maximum of 8 cores.
[14:39:46] Annotating as >>> Bacteria <<<
[14:39:46] Generating locus_tag from 'genomes/Acinetobacter_baumannii_strain1.fna' contents.
[14:39:46] Setting --locustag JJCHDOIF from MD5 33c1d82f1a7e4de1ca57d9896da279d8
[14:39:46] Creating new output folder: prokka_annotations/Acinetobacter_baumannii_strain1
[14:39:46] Running: mkdir -p prokka_annotations\/Acinetobacter_baumannii_strain1
[14:39:46] Using filename prefix: Acinetobacter_baumannii_strain1.XXX
[14:39:46] Setting HMMER_NCPU=1
[14:39:46] Writing log to: prokka_annotations/Acinetobacter_baumannii_strain1/Acinetobacter_baumannii_strain1.log
[14:39:46] Command: /Users/admin/miniforge3/envs/prokka-env/bin/prokka --outdir prokka_annotations/Acinetobacter_baumannii_strain1 --prefix Acinetobacter_baumannii_strain1 genomes/Acinetobacter_baumannii_strain1.fna
[14:39:46] Appending to PATH: /Users/admin/miniforge3/envs/prokka-env/bin
[14:39:46] Looking for 'aragorn' - found /Users/admin/miniforge3/envs/prokka-env/bin/aragorn
[14:39:47] Determined aragorn version is 001002 from 'ARAGORN v1.2.41 Dean Laslett'
[14:39:47] Looking for 'barrnap' - found /Users/admin/miniforge3/envs/prokka-env/bin/barrnap
[14:39:48] Determined barrnap version is 000009 from 'barrnap 0.9'
[14:39:48] Looking for 'blastp' - found /Users/admin/miniforge3/envs/prokka-env/bin/blastp
[14:39:51] Determined blastp version is 002016 from 'blastp: 2.16.0+'
[14:39:51] Looking for 'cmpress' - found /Users/admin/miniforge3/envs/prokka-env/bin/cmpress
[14:39:52] Determined cmpress version is 001001 from '# INFERNAL 1.1.5 (Sep 2023)'
[14:39:52] Looking for 'cmscan' - found /Users/admin/miniforge3/envs/prokka-env/bin/cmscan
[14:39:52] Determined cmscan version is 001001 from '# INFERNAL 1.1.5 (Sep 2023)'
[14:39:52] Looking for 'egrep' - found /usr/bin/egrep
[14:39:52] Looking for 'find' - found /usr/bin/find
[14:39:52] Looking for 'grep' - found /usr/bin/grep
[14:39:52] Looking for 'hmmpress' - found /Users/admin/miniforge3/envs/prokka-env/bin/hmmpress
[14:39:55] Determined hmmpress version is 003004 from '# HMMER 3.4 (Aug 2023); http://hmmer.org/'
[14:39:55] Looking for 'hmmscan' - found /Users/admin/miniforge3/envs/prokka-env/bin/hmmscan
[14:39:55] Determined hmmscan version is 003004 from '# HMMER 3.4 (Aug 2023); http://hmmer.org/'
[14:39:55] Looking for 'java' - found /usr/bin/java
[14:39:55] Looking for 'makeblastdb' - found /Users/admin/miniforge3/envs/prokka-env/bin/makeblastdb
[14:39:57] Determined makeblastdb version is 002016 from 'makeblastdb: 2.16.0+'
[14:39:57] Looking for 'minced' - found /Users/admin/miniforge3/envs/prokka-env/bin/minced
[14:40:03] Determined minced version is 004002 from 'minced 0.4.2'
[14:40:03] Looking for 'parallel' - found /Users/admin/miniforge3/envs/prokka-env/bin/parallel
[14:40:06] Determined parallel version is 20250622 from 'GNU parallel 20250622'
[14:40:06] Looking for 'prodigal' - found /Users/admin/miniforge3/envs/prokka-env/bin/prodigal
[14:40:07] Determined prodigal version is 002006 from 'Prodigal V2.6.3: February, 2016'
[14:40:07] Looking for 'prokka-genbank_to_fasta_db' - found /Users/admin/miniforge3/envs/prokka-env/bin/prokka-genbank_to_fasta_db
[14:40:07] Looking for 'sed' - found /usr/bin/sed
[14:40:07] Looking for 'tbl2asn' - found /Users/admin/miniforge3/envs/prokka-env/bin/tbl2asn
[14:40:10] Determined tbl2asn version is 025007 from 'tbl2asn 25.7   arguments:'
[14:40:10] Using genetic code table 11.
[14:40:10] Loading and checking input file: genomes/Acinetobacter_baumannii_strain1.fna
[14:40:10] Wrote 22 contigs totalling 3971516 bp.
[14:40:10] Predicting tRNAs and tmRNAs
[14:40:10] Running: aragorn -l -gc11  -w prokka_annotations\/Acinetobacter_baumannii_strain1\/Acinetobacter_baumannii_strain1\.fna
[14:40:11] 1 tRNA-Arg c[14931,15007] 35 (ccg)
[14:40:11] 2 tRNA-Leu [87663,87747] 35 (tag)
[14:40:11] 3 tRNA-Trp [87804,87877] 33 (cca)
[14:40:11] 4 tRNA-Leu [87905,87989] 35 (tag)
[14:40:11] 5 tRNA-Trp [88055,88128] 33 (cca)
[14:40:11] 6 tRNA-Met [917035,917111] 35 (cat)
[14:40:11] 1 tRNA-Pro [33012,33088] 35 (tgg)
[14:40:11] 2 tRNA-Arg [33145,33221] 35 (tct)
[14:40:11] 3 tRNA-His [33255,33330] 34 (gtg)
[14:40:11] 4 tRNA-Pro [33335,33411] 35 (tgg)
[14:40:11] 5 tRNA-Gln c[157456,157530] 33 (ttg)
[14:40:11] 6 tRNA-Gln c[157552,157626] 33 (ttg)
[14:40:11] 7 tRNA-Gln c[157654,157728] 33 (ttg)
[14:40:11] 8 tRNA-Gln c[157820,157894] 33 (ttg)
[14:40:11] 9 tRNA-Met [170089,170165] 35 (cat)
[14:40:11] 10 tRNA-Met [180243,180319] 35 (cat)
[14:40:11] 11 tmRNA [237330,237689] 96,128 ANDETYALAA*
[14:40:11] 1 tRNA-Lys [226703,226778] 34 (ttt)
[14:40:11] 2 tRNA-Lys [226801,226876] 34 (ttt)
[14:40:11] 3 tRNA-Met c[299627,299703] 35 (cat)
[14:40:11] 4 tRNA-Leu c[299746,299830] 35 (gag)
[14:40:11] 5 tRNA-Trp c[354460,354535] 34 (cca)
[14:40:11] 6 tRNA-Thr c[355437,355511] 33 (ggt)
[14:40:11] 7 tRNA-Gly c[355525,355600] 34 (tcc)
[14:40:11] 8 tRNA-Tyr c[355638,355721] 35 (gta)
[14:40:11] 9 tRNA-Thr c[355778,355853] 34 (tgt)
[14:40:11] 1 tRNA-Leu c[24726,24811] 35 (taa)
[14:40:11] 2 tRNA-Leu c[26870,26955] 35 (taa)
[14:40:11] 3 tRNA-Cys c[26967,27040] 33 (gca)
[14:40:11] 4 tRNA-Ser [63096,63185] 35 (tga)
[14:40:11] 5 tRNA-Asn c[178815,178890] 34 (gtt)
[14:40:11] 6 tRNA-Val [292818,292894] 35 (gac)
[14:40:11] 7 tRNA-Asn c[359735,359810] 34 (gtt)
[14:40:11] 8 tRNA-Asn c[359992,360067] 34 (gtt)
[14:40:11] 9 tRNA-Asn c[360076,360151] 34 (gtt)
[14:40:11] 10 tRNA-Ser [414221,414310] 35 (gct)
[14:40:11] 1 tRNA-Thr c[25946,26021] 34 (tgt)
[14:40:11] 2 tRNA-Ser c[39916,40005] 35 (gga)
[14:40:11] 3 tRNA-Phe [56385,56460] 34 (gaa)
[14:40:11] 4 tRNA-Phe [56587,56662] 34 (gaa)
[14:40:11] 5 tRNA-Glu c[82552,82627] 35 (ttc)
[14:40:11] 6 tRNA-Glu c[82656,82731] 35 (ttc)
[14:40:11] 7 tRNA-Glu c[85419,85494] 35 (ttc)
[14:40:11] 8 tRNA-Ala c[85520,85595] 34 (ggc)
[14:40:11] 9 tRNA-Ser [250993,251083] 35 (gct)
[14:40:11] 10 tRNA-Arg [251094,251170] 35 (acg)
[14:40:11] 11 tRNA-Arg [251210,251286] 35 (acg)
[14:40:11] 12 tRNA-Arg [255062,255138] 35 (acg)
[14:40:11] 1 tRNA-Leu [23821,23907] 35 (caa)
[14:40:11] 2 tRNA-Val [140171,140246] 34 (tac)
[14:40:11] 3 tRNA-Asp [140271,140347] 35 (gtc)
[14:40:11] 4 tRNA-Asp [140395,140471] 35 (gtc)
[14:40:11] 5 tRNA-Val [140493,140568] 34 (tac)
[14:40:11] 6 tRNA-Asp [140608,140684] 35 (gtc)
[14:40:11] 7 tRNA-Val [140751,140826] 34 (tac)
[14:40:11] 8 tRNA-Arg c[181511,181584] 35 (cct)
[14:40:11] 1 tRNA-Glu c[54308,54383] 35 (ttc)
[14:40:11] 2 tRNA-Ser [61295,61384] 35 (tga)
[14:40:11] 1 tRNA-Gly [43013,43088] 34 (gcc)
[14:40:11] 2 tRNA-Gly [43134,43209] 34 (gcc)
[14:40:11] 1 tRNA-Gly [5810,5885] 34 (gcc)
[14:40:11] 2 tRNA-Met c[65178,65254] 35 (cat)
[14:40:11] 1 tRNA-Ala c[3590,3665] 34 (tgc)
[14:40:11] 2 tRNA-Ile c[3721,3797] 35 (gat)
[14:40:11] Found 64 tRNAs
[14:40:11] Predicting Ribosomal RNAs
[14:40:11] Running Barrnap with 8 threads
[14:40:24] 1 supercont1.14 60 5S ribosomal RNA
[14:40:24] 2 supercont1.14 358 23S ribosomal RNA
[14:40:24] 3 supercont1.14 3858 16S ribosomal RNA
[14:40:24] Found 3 rRNAs
[14:40:24] Skipping ncRNA search, enable with --rfam if desired.
[14:40:24] Total of 66 tRNA + rRNA features
[14:40:24] Searching for CRISPR repeats
[14:40:25] CRISPR1 supercont1.2 254026 with 66 spacers
[14:40:25] Found 1 CRISPRs
[14:40:25] Predicting coding sequences
[14:40:25] Contigs total 3971516 bp, so using single mode
[14:40:25] Running: prodigal -i prokka_annotations\/Acinetobacter_baumannii_strain1\/Acinetobacter_baumannii_strain1\.fna -c -m -g 11 -p single -f sco -q
[14:40:28] Excluding CDS which overlaps existing RNA (tRNA) at supercont1.2:157893..158726 on - strand
[14:40:28] Excluding CDS which overlaps existing RNA (repeat_region) at supercont1.2:254868..255050 on - strand
[14:40:28] Excluding CDS which overlaps existing RNA (repeat_region) at supercont1.2:255467..255886 on - strand
[14:40:28] Excluding CDS which overlaps existing RNA (repeat_region) at supercont1.2:256918..257478 on + strand
[14:40:29] Excluding CDS which overlaps existing RNA (tRNA) at supercont1.8:42942..43133 on - strand
[14:40:29] Found 3722 CDS
[14:40:29] Connecting features back to sequences
[14:40:29] Not using genus-specific database. Try --usegenus to enable it.
[14:40:29] Annotating CDS, please be patient.
[14:40:29] Will use 8 CPUs for similarity searching.
[14:40:30] There are still 3722 unannotated CDS left (started with 3722)
[14:40:30] Will use blast to search against /Users/admin/miniforge3/envs/prokka-env/db/kingdom/Bacteria/IS with 8 CPUs
[14:40:30] Running: cat prokka_annotations\/Acinetobacter_baumannii_strain1\/Acinetobacter_baumannii_strain1\.IS\.tmp\.20537\.faa | parallel --gnu --plain -j 8 --block 73059 --recstart '>' --pipe blastp -query - -db /Users/admin/miniforge3/envs/prokka-env/db/kingdom/Bacteria/IS -evalue 1e-30 -qcov_hsp_perc 90 -num_threads 1 -num_descriptions 1 -num_alignments 1 -seg no > prokka_annotations\/Acinetobacter_baumannii_strain1\/Acinetobacter_baumannii_strain1\.IS\.tmp\.20537\.blast 2> /dev/null
[14:40:41] Deleting unwanted file: prokka_annotations/Acinetobacter_baumannii_strain1/Acinetobacter_baumannii_strain1.IS.tmp.20537.faa
[14:40:41] Deleting unwanted file: prokka_annotations/Acinetobacter_baumannii_strain1/Acinetobacter_baumannii_strain1.IS.tmp.20537.blast
[14:40:42] There are still 3716 unannotated CDS left (started with 3722)
[14:40:42] Will use blast to search against /Users/admin/miniforge3/envs/prokka-env/db/kingdom/Bacteria/AMR with 8 CPUs
[14:40:42] Running: cat prokka_annotations\/Acinetobacter_baumannii_strain1\/Acinetobacter_baumannii_strain1\.AMR\.tmp\.20537\.faa | parallel --gnu --plain -j 8 --block 72944 --recstart '>' --pipe blastp -query - -db /Users/admin/miniforge3/envs/prokka-env/db/kingdom/Bacteria/AMR -evalue 1e-300 -qcov_hsp_perc 90 -num_threads 1 -num_descriptions 1 -num_alignments 1 -seg no > prokka_annotations\/Acinetobacter_baumannii_strain1\/Acinetobacter_baumannii_strain1\.AMR\.tmp\.20537\.blast 2> /dev/null
[14:40:50] Deleting unwanted file: prokka_annotations/Acinetobacter_baumannii_strain1/Acinetobacter_baumannii_strain1.AMR.tmp.20537.faa
[14:40:50] Deleting unwanted file: prokka_annotations/Acinetobacter_baumannii_strain1/Acinetobacter_baumannii_strain1.AMR.tmp.20537.blast
[14:40:50] There are still 3715 unannotated CDS left (started with 3722)
[14:40:50] Will use blast to search against /Users/admin/miniforge3/envs/prokka-env/db/kingdom/Bacteria/sprot with 8 CPUs
[14:40:50] Running: cat prokka_annotations\/Acinetobacter_baumannii_strain1\/Acinetobacter_baumannii_strain1\.sprot\.tmp\.20537\.faa | parallel --gnu --plain -j 8 --block 72878 --recstart '>' --pipe blastp -query - -db /Users/admin/miniforge3/envs/prokka-env/db/kingdom/Bacteria/sprot -evalue 1e-09 -qcov_hsp_perc 80 -num_threads 1 -num_descriptions 1 -num_alignments 1 -seg no > prokka_annotations\/Acinetobacter_baumannii_strain1\/Acinetobacter_baumannii_strain1\.sprot\.tmp\.20537\.blast 2> /dev/null
[14:41:32] Modify product: Probable efflux pump outer membrane protein TtgC => putative efflux pump outer membrane protein TtgC
[14:41:32] Modify product: Uncharacterized ferredoxin-like protein HI_0527 => putative ferredoxin-like protein
[14:41:32] Modify product: 23S rRNA 5-hydroxycytidine C2501 synthase => 23S rRNA 5-hydroxycytidine synthase
[14:41:32] Modify product: Uncharacterized isomerase YddE => putative isomerase YddE
[14:41:32] Modify product: UPF0382 membrane protein YwdK => hypothetical protein
[14:41:32] Modify product: Uncharacterized protein YqeY => putative protein YqeY
[14:41:32] Modify product: Uncharacterized protein HI_1709 => putative protein
[14:41:32] Modify product: Uncharacterized protein Rv2411c => putative protein
[14:41:32] Modify product: Uncharacterized protein Rv2569c => putative protein
[14:41:32] Modify product: Uncharacterized oxidoreductase Rv1144 => putative oxidoreductase
[14:41:32] Modify product: Uncharacterized protein Rv0647c => putative protein
[14:41:32] Modify product: Uncharacterized ABC transporter ATP-binding protein YheS => putative ABC transporter ATP-binding protein YheS
[14:41:32] Modify product: Putative universal stress protein SA1532 => Putative universal stress protein
[14:41:33] Modify product: Uncharacterized HTH-type transcriptional regulator YahB => putative HTH-type transcriptional regulator YahB
[14:41:33] Modify product: Putative low molecular weight protein-tyrosine-phosphatase slr0328 => Putative low molecular weight protein-tyrosine-phosphatase
[14:41:33] Modify product: Probable 3-phenylpropionic acid transporter => putative 3-phenylpropionic acid transporter
[14:41:33] Modify product: Probable transcriptional regulatory protein pdtaR => putative transcriptional regulatory protein pdtaR
[14:41:33] Modify product: Uncharacterized HTH-type transcriptional regulator Rv3095 => putative HTH-type transcriptional regulator
[14:41:33] Modify product: Acetyltransferase PA3944 => Acetyltransferase
[14:41:33] Modify product: Putative universal stress protein SA1532 => Putative universal stress protein
[14:41:33] Modify product: UPF0060 membrane protein YnfA => hypothetical protein
[14:41:33] Modify product: UPF0394 membrane protein XF_0766 => hypothetical protein
[14:41:33] Modify product: UPF0394 membrane protein XF_0765 => hypothetical protein
[14:41:33] Modify product: Probable metallo-hydrolase BURPS1710b_2304 => putative metallo-hydrolase
[14:41:33] Modify product: Uncharacterized oxidoreductase Rv0945 => putative oxidoreductase
[14:41:33] Modify product: Epimerase family protein SA0724 => Epimerase family protein
[14:41:33] Modify product: Probable multidrug resistance protein EmrK => putative multidrug resistance protein EmrK
[14:41:33] Modify product: Uncharacterized protein YaeQ => putative protein YaeQ
[14:41:33] Modify product: Probable glucarate transporter => putative glucarate transporter
[14:41:33] Modify product: UPF0053 inner membrane protein YtfL => hypothetical protein
[14:41:33] Modify product: UPF0307 protein PSPTO_4464 => hypothetical protein
[14:41:33] Modify product: Uncharacterized protein HI_1008 => putative protein
[14:41:33] Modify product: Probable transporter SCO4007 => putative transporter
[14:41:33] Modify product: Uncharacterized metal-dependent hydrolase YjjV => putative metal-dependent hydrolase YjjV
[14:41:33] Modify product: Uncharacterized signaling protein PA1727 => putative signaling protein
[14:41:33] Modify product: Uncharacterized protein YibN => putative protein YibN
[14:41:33] Modify product: UPF0070 protein HI_0370 => hypothetical protein
[14:41:33] Modify product: Probable TonB-dependent receptor BfrD => putative TonB-dependent receptor BfrD
[14:41:33] Modify product: PKHD-type hydroxylase Sbal_3634 => PKHD-type hydroxylase
[14:41:33] Modify product: Zinc-type alcohol dehydrogenase-like protein SA1988 => Zinc-type alcohol dehydrogenase-like protein
[14:41:33] Modify product: Uncharacterized HTH-type transcriptional regulator Rv1395 => putative HTH-type transcriptional regulator
[14:41:33] Modify product: Probable phosphatase Rv3661 => putative phosphatase
[14:41:33] Modify product: Uncharacterized protein Rv0906 => putative protein
[14:41:33] Modify product: Probable FMNH2-dependent monooxygenase SfnC => putative FMNH2-dependent monooxygenase SfnC
[14:41:33] Modify product: Probable FMNH2-dependent monooxygenase SfnC => putative FMNH2-dependent monooxygenase SfnC
[14:41:33] Modify product: Probable chaperone CsaA => putative chaperone CsaA
[14:41:33] Modify product: Probable multidrug ABC transporter permease YbhR => putative multidrug ABC transporter permease YbhR
[14:41:33] Modify product: Probable multidrug ABC transporter permease YbhS => putative multidrug ABC transporter permease YbhS
[14:41:33] Modify product: Probable multidrug ABC transporter ATP-binding protein YbhF => putative multidrug ABC transporter ATP-binding protein YbhF
[14:41:33] Modify product: UPF0194 membrane protein YbhG => hypothetical protein
[14:41:33] Modify product: Co-chaperone protein HscB homolog => Co-chaperone protein HscB 
[14:41:33] Modify product: Uncharacterized HTH-type transcriptional regulator Rv1395 => putative HTH-type transcriptional regulator
[14:41:33] Modify product: Uncharacterized metal-dependent hydrolase YcfH => putative metal-dependent hydrolase YcfH
[14:41:33] Modify product: Probable chromosome-partitioning protein ParB => putative chromosome-partitioning protein ParB
[14:41:33] Modify product: Probable ribosomal oxygenase HI_0396 => putative ribosomal oxygenase
[14:41:33] Modify product: Putative multidrug export ATP-binding/permease protein SAV1866 => Putative multidrug export ATP-binding/permease protein
[14:41:33] Modify product: Uncharacterized HTH-type transcriptional regulator Rv1395 => putative HTH-type transcriptional regulator
[14:41:33] Modify product: Probable fimbrial chaperone YadV => putative fimbrial chaperone YadV
[14:41:33] Modify product: Probable transcriptional regulatory protein YebC => putative transcriptional regulatory protein YebC
[14:41:33] Modify product: Uncharacterized protein HI_1388.1 => putative protein.1
[14:41:33] Modify product: Probable hydrolase YcaC => putative hydrolase YcaC
[14:41:33] Modify product: Probable allantoin permease => putative allantoin permease
[14:41:33] Modify product: Probable FMNH2-dependent monooxygenase SfnC => putative FMNH2-dependent monooxygenase SfnC
[14:41:33] Modify product: Probable glutamine ABC transporter permease protein GlnP => putative glutamine ABC transporter permease protein GlnP
[14:41:33] Modify product: Probable glutamine ABC transporter permease protein GlnM => putative glutamine ABC transporter permease protein GlnM
[14:41:33] Modify product: Uncharacterized protein YjdJ => putative protein YjdJ
[14:41:33] Modify product: Probable transporter SCO4007 => putative transporter
[14:41:33] Modify product: Probable transporter SCO4007 => putative transporter
[14:41:33] Modify product: Uncharacterized protein HI_0131 => putative protein
[14:41:33] Modify product: Cytochrome b561 homolog 2 => Cytochrome b561 
[14:41:33] Modify product: Uncharacterized HTH-type transcriptional regulator YtcD => putative HTH-type transcriptional regulator YtcD
[14:41:33] Modify product: Probable zinc-binding alcohol dehydrogenase Rv1895 => putative zinc-binding alcohol dehydrogenase
[14:41:33] Modify product: Putative hydro-lyase PSPTO_5379 => Putative hydro-lyase
[14:41:33] Modify product: Putative acetyltransferase SACOL2570 => Putative acetyltransferase
[14:41:33] Modify product: Uncharacterized protein HI_1082 => putative protein
[14:41:33] Modify product: Uncharacterized protein HI_0933 => putative protein
[14:41:33] Modify product: Segregation and condensation protein B homolog => Segregation and condensation protein B 
[14:41:33] Modify product: Uncharacterized protein YciO => putative protein YciO
[14:41:33] Modify product: Probable acyltransferase YihG => putative acyltransferase YihG
[14:41:33] Modify product: Probable lipoprotein YiaD => putative lipoprotein YiaD
[14:41:33] Modify product: NADH dehydrogenase-like protein MT1860 => NADH dehydrogenase-like protein
[14:41:33] Modify product: Uncharacterized protein Rv0906 => putative protein
[14:41:33] Modify product: Putative short-chain type dehydrogenase/reductase Rv0148 => Putative short-chain type dehydrogenase/reductase
[14:41:33] Modify product: Probable enoyl-CoA hydratase 1 => putative enoyl-CoA hydratase 1
[14:41:33] Modify product: Probable sulfoacetate transporter SauU => putative sulfoacetate transporter SauU
[14:41:33] Modify product: Probable multidrug resistance protein EmrY => putative multidrug resistance protein EmrY
[14:41:33] Modify product: Probable formaldehyde dehydrogenase AdhA => putative formaldehyde dehydrogenase AdhA
[14:41:33] Modify product: Probable ABC transporter permease protein HI_1471 => putative ABC transporter permease protein
[14:41:33] Modify product: Probable RNA 2'-phosphotransferase => putative RNA 2'-phosphotransferase
[14:41:33] Modify product: Probable fimbrial chaperone YadV => putative fimbrial chaperone YadV
[14:41:33] Modify product: Probable succinyl-CoA:3-ketoacid coenzyme A transferase subunit A => putative succinyl-CoA:3-ketoacid coenzyme A transferase subunit A
[14:41:33] Modify product: Probable succinyl-CoA:3-ketoacid coenzyme A transferase subunit B => putative succinyl-CoA:3-ketoacid coenzyme A transferase subunit B
[14:41:33] Modify product: Uncharacterized methyltransferase YcgJ => putative methyltransferase YcgJ
[14:41:33] Modify product: Probable protein kinase UbiB => putative protein kinase UbiB
[14:41:33] Modify product: Uncharacterized protein Rv1260 => putative protein
[14:41:33] Modify product: UPF0301 protein ACIAD0353 => hypothetical protein
[14:41:33] Modify product: Probable oxidoreductase EphD => putative oxidoreductase EphD
[14:41:33] Modify product: Probable Fe(2+)-trafficking protein => putative Fe(2+)-trafficking protein
[14:41:33] Modify product: Phosphate-specific transport system accessory protein PhoU homolog => Phosphate-specific transport system accessory protein PhoU 
[14:41:33] Modify product: Probable peptidoglycan glycosyltransferase FtsW => putative peptidoglycan glycosyltransferase FtsW
[14:41:33] Modify product: Probable CtpA-like serine protease => putative CtpA-like serine protease
[14:41:33] Modify product: UPF0126 inner membrane protein YicG => hypothetical protein
[14:41:33] Modify product: UPF0225 protein YchJ => hypothetical protein
[14:41:33] Modify product: UPF0053 inner membrane protein YoaE => hypothetical protein
[14:41:33] Modify product: Probable transport protein HsrA => putative transport protein HsrA
[14:41:33] Modify product: RutC family protein HI_0719 => RutC family protein
[14:41:33] Modify product: RNA-binding protein HI_1333 => RNA-binding protein
[14:41:33] Modify product: Bifunctional protein FolD => Bifunctional protein FolD protein
[14:41:33] Modify product: Probable membrane transporter protein YfcA => putative membrane transporter protein YfcA
[14:41:33] Modify product: Uncharacterized FAD-linked oxidoreductase Rv2280 => putative FAD-linked oxidoreductase
[14:41:33] Modify product: Probable quinol monooxygenase YgiN => putative quinol monooxygenase YgiN
[14:41:33] Modify product: Uncharacterized protein YcgM => putative protein YcgM
[14:41:33] Modify product: Uncharacterized acyl-CoA thioester hydrolase HI_0827 => putative acyl-CoA thioester hydrolase
[14:41:33] Modify product: UPF0234 protein HI_1034 => hypothetical protein
[14:41:33] Modify product: UPF0758 protein SP_1088 => hypothetical protein
[14:41:33] Modify product: Probable TonB-dependent receptor NMB0964 => putative TonB-dependent receptor
[14:41:33] Modify product: Probable metallo-hydrolase Rv2300c => putative metallo-hydrolase
[14:41:33] Modify product: UPF0073 inner membrane protein YqfA => hypothetical protein
[14:41:33] Modify product: Acetyltransferase SACOL1063 => Acetyltransferase
[14:41:33] Modify product: Uncharacterized glycosyltransferase sll0501 => putative glycosyltransferase
[14:41:34] Modify product: Probable multidrug ABC transporter permease YbhR => putative multidrug ABC transporter permease YbhR
[14:41:34] Modify product: UPF0178 protein YaiI => hypothetical protein
[14:41:34] Modify product: Putative transport protein Rv0205 => Putative transport protein
[14:41:34] Modify product: GTP cyclohydrolase 1 type 2 homolog => GTP cyclohydrolase 1 type 2 
[14:41:34] Modify product: Uncharacterized isomerase YddE => putative isomerase YddE
[14:41:34] Modify product: Putative acyltransferase Rv0859 => Putative acyltransferase
[14:41:34] Modify product: Uncharacterized HTH-type transcriptional regulator Rv1395 => putative HTH-type transcriptional regulator
[14:41:34] Modify product: Probable thiol:disulfide interchange protein DsbC => putative thiol:disulfide interchange protein DsbC
[14:41:34] Modify product: UPF0339 protein SO_3888 => hypothetical protein
[14:41:34] Modify product: Uncharacterized HTH-type transcriptional regulator Rv1395 => putative HTH-type transcriptional regulator
[14:41:34] Modify product: UPF0145 protein BCE33L0904 => hypothetical protein
[14:41:34] Modify product: Uncharacterized HTH-type transcriptional regulator YybR => putative HTH-type transcriptional regulator YybR
[14:41:34] Modify product: Uncharacterized HTH-type transcriptional regulator Rv1985c => putative HTH-type transcriptional regulator
[14:41:34] Modify product: Uncharacterized ABC transporter ATP-binding protein YejF => putative ABC transporter ATP-binding protein YejF
[14:41:34] Modify product: Probable protein adenylyltransferase Fic => putative protein adenylyltransferase Fic
[14:41:34] Modify product: Probable ABC transporter ATP-binding/permease protein HI_0664 => putative ABC transporter ATP-binding/permease protein
[14:41:34] Modify product: Probable xanthine dehydrogenase subunit D => putative xanthine dehydrogenase subunit D
[14:41:34] Modify product: GTP cyclohydrolase 1 type 2 homolog => GTP cyclohydrolase 1 type 2 
[14:41:34] Modify product: Uncharacterized ABC transporter ATP-binding protein YadG => putative ABC transporter ATP-binding protein YadG
[14:41:34] Modify product: Probable hydrolase YcaC => putative hydrolase YcaC
[14:41:34] Modify product: Probable D-xylose utilization operon transcriptional repressor => putative D-xylose utilization operon transcriptional repressor
[14:41:34] Modify product: Uncharacterized sugar transferase EpsL => putative sugar transferase EpsL
[14:41:34] Modify product: Probable FKBP-type peptidyl-prolyl cis-trans isomerase FkpA => putative FKBP-type peptidyl-prolyl cis-trans isomerase FkpA
[14:41:34] Modify product: Probable lipid II flippase MurJ => putative lipid II flippase MurJ
[14:41:34] Modify product: Uncharacterized oxidoreductase YciK => putative oxidoreductase YciK
[14:41:34] Modify product: Uncharacterized protein Rv2232 => putative protein
[14:41:34] Modify product: Uncharacterized cysteine-rich protein YhjQ => putative cysteine-rich protein YhjQ
[14:41:34] Modify product: Probable thiol:disulfide interchange protein DsbC => putative thiol:disulfide interchange protein DsbC
[14:41:34] Modify product: Uncharacterized ABC transporter ATP-binding protein YheS => putative ABC transporter ATP-binding protein YheS
[14:41:34] Modify product: Probable enoyl-CoA hydratase echA8 => putative enoyl-CoA hydratase echA8
[14:41:34] Modify product: Probable 2,4-dienoyl-CoA reductase => putative 2,4-dienoyl-CoA reductase
[14:41:34] Modify product: Putative lipoprotein NMB1126/NMB1164 => Putative lipoprotein/NMB1164
[14:41:34] Modify product: Putative lipoprotein NMB1124/NMB1162 => Putative lipoprotein/NMB1162
[14:41:34] Modify product: Uncharacterized HTH-type transcriptional regulator Rv1395 => putative HTH-type transcriptional regulator
[14:41:34] Modify product: Probable glucarate transporter => putative glucarate transporter
[14:41:34] Modify product: Probable 5-dehydro-4-deoxyglucarate dehydratase => putative 5-dehydro-4-deoxyglucarate dehydratase
[14:41:34] Modify product: Uncharacterized HTH-type transcriptional regulator Rv1395 => putative HTH-type transcriptional regulator
[14:41:34] Modify product: Cytochrome b561 homolog 2 => Cytochrome b561 
[14:41:34] Modify product: Probable enoyl-CoA hydratase echA8 => putative enoyl-CoA hydratase echA8
[14:41:34] Cleaned 159 /product names
[14:41:34] Deleting unwanted file: prokka_annotations/Acinetobacter_baumannii_strain1/Acinetobacter_baumannii_strain1.sprot.tmp.20537.faa
[14:41:34] Deleting unwanted file: prokka_annotations/Acinetobacter_baumannii_strain1/Acinetobacter_baumannii_strain1.sprot.tmp.20537.blast
[14:41:34] There are still 1813 unannotated CDS left (started with 3722)
[14:41:34] Will use hmmer3 to search against /Users/admin/miniforge3/envs/prokka-env/db/hmm/HAMAP.hmm with 8 CPUs
[14:41:34] Running: cat prokka_annotations\/Acinetobacter_baumannii_strain1\/Acinetobacter_baumannii_strain1\.HAMAP\.hmm\.tmp\.20537\.faa | parallel --gnu --plain -j 8 --block 30221 --recstart '>' --pipe hmmscan --noali --notextw --acc -E 1e-09 --cpu 1 /Users/admin/miniforge3/envs/prokka-env/db/hmm/HAMAP.hmm /dev/stdin > prokka_annotations\/Acinetobacter_baumannii_strain1\/Acinetobacter_baumannii_strain1\.HAMAP\.hmm\.tmp\.20537\.hmmer3 2> /dev/null
[14:41:59] Modify product: Uncharacterized Nudix hydrolase NudL => putative Nudix hydrolase NudL
[14:41:59] Cleaned 1 /product names
[14:41:59] Deleting unwanted file: prokka_annotations/Acinetobacter_baumannii_strain1/Acinetobacter_baumannii_strain1.HAMAP.hmm.tmp.20537.faa
[14:41:59] Deleting unwanted file: prokka_annotations/Acinetobacter_baumannii_strain1/Acinetobacter_baumannii_strain1.HAMAP.hmm.tmp.20537.hmmer3
[14:41:59] Labelling remaining 1594 proteins as 'hypothetical protein'
[14:41:59] Possible /pseudo 'Acyl-CoA dehydrogenase' at supercont1.1 position 195374
[14:41:59] Possible /pseudo 'N-acetyl-gamma-glutamyl-phosphate reductase' at supercont1.1 position 440628
[14:41:59] Possible /pseudo 'Penicillin G acylase' at supercont1.1 position 503864
[14:41:59] Possible /pseudo '3-phenylpropionate-dihydrodiol/cinnamic acid-dihydrodiol dehydrogenase' at supercont1.1 position 621446
[14:41:59] Possible /pseudo 'Biopolymer transport protein ExbD' at supercont1.1 position 829951
[14:41:59] Possible /pseudo 'Dibenzothiophene desulfurization enzyme C' at supercont1.1 position 943034
[14:41:59] Possible /pseudo 'ABC transporter glutamine-binding protein GlnH' at supercont1.1 position 1032501
[14:41:59] Possible /pseudo 'Sensor histidine kinase RcsC' at supercont1.1 position 1037107
[14:41:59] Possible /pseudo 'Redox-sensitive transcriptional activator SoxR' at supercont1.1 position 1168339
[14:41:59] Possible /pseudo 'Twitching mobility protein' at supercont1.2 position 219296
[14:41:59] Possible /pseudo 'Methionine synthase' at supercont1.2 position 341873
[14:41:59] Possible /pseudo 'Lon protease' at supercont1.2 position 409623
[14:41:59] Possible /pseudo 'putative FMNH2-dependent monooxygenase SfnC' at supercont1.3 position 233296
[14:41:59] Possible /pseudo 'Threonine/homoserine exporter RhtA' at supercont1.5 position 143958
[14:41:59] Possible /pseudo '3-methylmercaptopropionyl-CoA dehydrogenase' at supercont1.6 position 50636
[14:41:59] Possible /pseudo 'Arginine N-succinyltransferase' at supercont1.7 position 114043
[14:41:59] Possible /pseudo 'D-serine/D-alanine/glycine transporter' at supercont1.8 position 73537
[14:41:59] Possible /pseudo 'Putative aliphatic sulfonates-binding protein' at supercont1.8 position 192916
[14:41:59] Possible /pseudo 'Isoleucine--tRNA ligase' at supercont1.8 position 201269
[14:41:59] Found 1618 unique /gene codes.
[14:41:59] Fixed 4 duplicate /gene - emrA_1 emrA_2 emrA_3 emrA_4
[14:41:59] Fixed 2 duplicate /gene - trmB_1 trmB_2
[14:41:59] Fixed 2 duplicate /gene - yadV_1 yadV_2
[14:41:59] Fixed 2 duplicate /gene - fadA_1 fadA_2
[14:41:59] Fixed 3 duplicate /gene - yrdA_1 yrdA_2 yrdA_3
[14:41:59] Fixed 5 duplicate /gene - paaF_1 paaF_2 paaF_3 paaF_4 paaF_5
[14:41:59] Fixed 2 duplicate /gene - fabB_1 fabB_2
[14:41:59] Fixed 4 duplicate /gene - menH_1 menH_2 menH_3 menH_4
[14:41:59] Fixed 3 duplicate /gene - pgrR_1 pgrR_2 pgrR_3
[14:41:59] Fixed 3 duplicate /gene - fadH_1 fadH_2 fadH_3
[14:41:59] Fixed 5 duplicate /gene - cntO_1 cntO_2 cntO_3 cntO_4 cntO_5
[14:41:59] Fixed 2 duplicate /gene - dmoA_1 dmoA_2
[14:41:59] Fixed 2 duplicate /gene - aroF_1 aroF_2
[14:41:59] Fixed 2 duplicate /gene - lpxL_1 lpxL_2
[14:41:59] Fixed 2 duplicate /gene - qseB_1 qseB_2
[14:41:59] Fixed 2 duplicate /gene - ileS_1 ileS_2
[14:41:59] Fixed 14 duplicate /gene - dmlR_1 dmlR_2 dmlR_3 dmlR_4 dmlR_5 dmlR_6 dmlR_7 dmlR_8 dmlR_9 dmlR_10 dmlR_11 dmlR_12 dmlR_13 dmlR_14
[14:41:59] Fixed 2 duplicate /gene - folP_1 folP_2
[14:41:59] Fixed 2 duplicate /gene - metH_1 metH_2
[14:41:59] Fixed 2 duplicate /gene - rluA_1 rluA_2
[14:41:59] Fixed 2 duplicate /gene - ybhR_1 ybhR_2
[14:41:59] Fixed 3 duplicate /gene - yjhB_1 yjhB_2 yjhB_3
[14:41:59] Fixed 2 duplicate /gene - ycaC_1 ycaC_2
[14:41:59] Fixed 3 duplicate /gene - nagR_1 nagR_2 nagR_3
[14:41:59] Fixed 2 duplicate /gene - rlmB_1 rlmB_2
[14:41:59] Fixed 3 duplicate /gene - ubiB_1 ubiB_2 ubiB_3
[14:41:59] Fixed 5 duplicate /gene - betI_1 betI_2 betI_3 betI_4 betI_5
[14:41:59] Fixed 5 duplicate /gene - pcaK_1 pcaK_2 pcaK_3 pcaK_4 pcaK_5
[14:41:59] Fixed 3 duplicate /gene - dctA_1 dctA_2 dctA_3
[14:41:59] Fixed 4 duplicate /gene - aroP_1 aroP_2 aroP_3 aroP_4
[14:41:59] Fixed 2 duplicate /gene - mtnN_1 mtnN_2
[14:41:59] Fixed 2 duplicate /gene - czcA_1 czcA_2
[14:41:59] Fixed 2 duplicate /gene - thiE_1 thiE_2
[14:41:59] Fixed 2 duplicate /gene - intA_1 intA_2
[14:41:59] Fixed 2 duplicate /gene - yfcG_1 yfcG_2
[14:41:59] Fixed 4 duplicate /gene - nicP_1 nicP_2 nicP_3 nicP_4
[14:41:59] Fixed 3 duplicate /gene - rep_1 rep_2 rep_3
[14:41:59] Fixed 3 duplicate /gene - proP_1 proP_2 proP_3
[14:41:59] Fixed 7 duplicate /gene - lrp_1 lrp_2 lrp_3 lrp_4 lrp_5 lrp_6 lrp_7
[14:41:59] Fixed 2 duplicate /gene - kgtP_1 kgtP_2
[14:41:59] Fixed 2 duplicate /gene - pac_1 pac_2
[14:41:59] Fixed 2 duplicate /gene - ywrO_1 ywrO_2
[14:41:59] Fixed 3 duplicate /gene - pcaJ_1 pcaJ_2 pcaJ_3
[14:41:59] Fixed 2 duplicate /gene - rnd_1 rnd_2
[14:41:59] Fixed 3 duplicate /gene - lon_1 lon_2 lon_3
[14:41:59] Fixed 2 duplicate /gene - umuC_1 umuC_2
[14:41:59] Fixed 2 duplicate /gene - COQ3_1 COQ3_2
[14:41:59] Fixed 5 duplicate /gene - btuB_1 btuB_2 btuB_3 btuB_4 btuB_5
[14:41:59] Fixed 2 duplicate /gene - lolD_1 lolD_2
[14:41:59] Fixed 2 duplicate /gene - iscR_1 iscR_2
[14:41:59] Fixed 2 duplicate /gene - nanT_1 nanT_2
[14:41:59] Fixed 2 duplicate /gene - cinA_1 cinA_2
[14:41:59] Fixed 2 duplicate /gene - emrB_1 emrB_2
[14:41:59] Fixed 2 duplicate /gene - astC_1 astC_2
[14:41:59] Fixed 2 duplicate /gene - yccS_1 yccS_2
[14:41:59] Fixed 2 duplicate /gene - ydhP_1 ydhP_2
[14:41:59] Fixed 2 duplicate /gene - ddl_1 ddl_2
[14:41:59] Fixed 2 duplicate /gene - tufB_1 tufB_2
[14:41:59] Fixed 4 duplicate /gene - cycA_1 cycA_2 cycA_3 cycA_4
[14:41:59] Fixed 2 duplicate /gene - budC_1 budC_2
[14:41:59] Fixed 2 duplicate /gene - htrE_1 htrE_2
[14:41:59] Fixed 2 duplicate /gene - rocC_1 rocC_2
[14:41:59] Fixed 2 duplicate /gene - clsC_1 clsC_2
[14:41:59] Fixed 2 duplicate /gene - kefF_1 kefF_2
[14:41:59] Fixed 2 duplicate /gene - yfeX_1 yfeX_2
[14:41:59] Fixed 2 duplicate /gene - betB_1 betB_2
[14:41:59] Fixed 2 duplicate /gene - fbp_1 fbp_2
[14:41:59] Fixed 2 duplicate /gene - yddE_1 yddE_2
[14:41:59] Fixed 3 duplicate /gene - pcaF_1 pcaF_2 pcaF_3
[14:41:59] Fixed 2 duplicate /gene - algC_1 algC_2
[14:41:59] Fixed 2 duplicate /gene - epsF_1 epsF_2
[14:41:59] Fixed 2 duplicate /gene - antA_1 antA_2
[14:41:59] Fixed 2 duplicate /gene - fabR_1 fabR_2
[14:41:59] Fixed 2 duplicate /gene - aidA_1 aidA_2
[14:41:59] Fixed 8 duplicate /gene - rcsC_1 rcsC_2 rcsC_3 rcsC_4 rcsC_5 rcsC_6 rcsC_7 rcsC_8
[14:41:59] Fixed 2 duplicate /gene - bcr_1 bcr_2
[14:41:59] Fixed 6 duplicate /gene - fabG_1 fabG_2 fabG_3 fabG_4 fabG_5 fabG_6
[14:41:59] Fixed 5 duplicate /gene - dmdC_1 dmdC_2 dmdC_3 dmdC_4 dmdC_5
[14:41:59] Fixed 2 duplicate /gene - pilT_1 pilT_2
[14:41:59] Fixed 3 duplicate /gene - zitB_1 zitB_2 zitB_3
[14:41:59] Fixed 2 duplicate /gene - fpr_1 fpr_2
[14:41:59] Fixed 2 duplicate /gene - guaD_1 guaD_2
[14:41:59] Fixed 2 duplicate /gene - iucD_1 iucD_2
[14:41:59] Fixed 2 duplicate /gene - COQ5_1 COQ5_2
[14:41:59] Fixed 2 duplicate /gene - decR_1 decR_2
[14:41:59] Fixed 2 duplicate /gene - acr3_1 acr3_2
[14:41:59] Fixed 2 duplicate /gene - ruvB_1 ruvB_2
[14:41:59] Fixed 2 duplicate /gene - gudP_1 gudP_2
[14:41:59] Fixed 2 duplicate /gene - hiuH_1 hiuH_2
[14:41:59] Fixed 2 duplicate /gene - surE_1 surE_2
[14:41:59] Fixed 3 duplicate /gene - astA_1 astA_2 astA_3
[14:41:59] Fixed 2 duplicate /gene - gltP_1 gltP_2
[14:41:59] Fixed 2 duplicate /gene - bacC_1 bacC_2
[14:41:59] Fixed 2 duplicate /gene - blc_1 blc_2
[14:41:59] Fixed 2 duplicate /gene - def_1 def_2
[14:41:59] Fixed 2 duplicate /gene - oprB_1 oprB_2
[14:41:59] Fixed 2 duplicate /gene - abaF_1 abaF_2
[14:41:59] Fixed 3 duplicate /gene - gabR_1 gabR_2 gabR_3
[14:41:59] Fixed 4 duplicate /gene - xerC_1 xerC_2 xerC_3 xerC_4
[14:41:59] Fixed 2 duplicate /gene - norM_1 norM_2
[14:41:59] Fixed 2 duplicate /gene - qseC_1 qseC_2
[14:41:59] Fixed 2 duplicate /gene - mexB_1 mexB_2
[14:41:59] Fixed 2 duplicate /gene - C1-hpah_1 C1-hpah_2
[14:41:59] Fixed 2 duplicate /gene - tauB_1 tauB_2
[14:41:59] Fixed 2 duplicate /gene - desA3_1 desA3_2
[14:41:59] Fixed 2 duplicate /gene - thlA_1 thlA_2
[14:41:59] Fixed 2 duplicate /gene - argC_1 argC_2
[14:41:59] Fixed 2 duplicate /gene - lspA_1 lspA_2
[14:41:59] Fixed 2 duplicate /gene - fdx_1 fdx_2
[14:41:59] Fixed 2 duplicate /gene - calB_1 calB_2
[14:41:59] Fixed 2 duplicate /gene - yhhW_1 yhhW_2
[14:41:59] Fixed 2 duplicate /gene - uctC_1 uctC_2
[14:41:59] Fixed 2 duplicate /gene - metQ_1 metQ_2
[14:41:59] Fixed 2 duplicate /gene - pepN_1 pepN_2
[14:41:59] Fixed 2 duplicate /gene - nudC_1 nudC_2
[14:41:59] Fixed 2 duplicate /gene - gloB_1 gloB_2
[14:41:59] Fixed 4 duplicate /gene - nimR_1 nimR_2 nimR_3 nimR_4
[14:41:59] Fixed 2 duplicate /gene - cynR_1 cynR_2
[14:41:59] Fixed 3 duplicate /gene - catD_1 catD_2 catD_3
[14:41:59] Fixed 2 duplicate /gene - prtR_1 prtR_2
[14:41:59] Fixed 2 duplicate /gene - mshA_1 mshA_2
[14:41:59] Fixed 2 duplicate /gene - czcD_1 czcD_2
[14:41:59] Fixed 2 duplicate /gene - gdhA_1 gdhA_2
[14:41:59] Fixed 2 duplicate /gene - glxR_1 glxR_2
[14:41:59] Fixed 2 duplicate /gene - dhaT_1 dhaT_2
[14:41:59] Fixed 2 duplicate /gene - dedA_1 dedA_2
[14:41:59] Fixed 2 duplicate /gene - fadJ_1 fadJ_2
[14:41:59] Fixed 2 duplicate /gene - mltF_1 mltF_2
[14:41:59] Fixed 4 duplicate /gene - hcaR_1 hcaR_2 hcaR_3 hcaR_4
[14:41:59] Fixed 2 duplicate /gene - accA1_1 accA1_2
[14:41:59] Fixed 2 duplicate /gene - bepA_1 bepA_2
[14:41:59] Fixed 2 duplicate /gene - ttuB_1 ttuB_2
[14:41:59] Fixed 2 duplicate /gene - nlhH_1 nlhH_2
[14:41:59] Fixed 2 duplicate /gene - nicT_1 nicT_2
[14:41:59] Fixed 2 duplicate /gene - ohrB_1 ohrB_2
[14:41:59] Fixed 2 duplicate /gene - rsmE_1 rsmE_2
[14:41:59] Fixed 2 duplicate /gene - fis_1 fis_2
[14:41:59] Fixed 2 duplicate /gene - phaC_1 phaC_2
[14:41:59] Fixed 4 duplicate /gene - tolQ_1 tolQ_2 tolQ_3 tolQ_4
[14:41:59] Fixed 2 duplicate /gene - ppk_1 ppk_2
[14:41:59] Fixed 4 duplicate /gene - rhtC_1 rhtC_2 rhtC_3 rhtC_4
[14:41:59] Fixed 2 duplicate /gene - fabD_1 fabD_2
[14:41:59] Fixed 2 duplicate /gene - htpX_1 htpX_2
[14:41:59] Fixed 4 duplicate /gene - dapA_1 dapA_2 dapA_3 dapA_4
[14:41:59] Fixed 2 duplicate /gene - blh_1 blh_2
[14:41:59] Fixed 3 duplicate /gene - pcpR_1 pcpR_2 pcpR_3
[14:41:59] Fixed 2 duplicate /gene - naiP_1 naiP_2
[14:41:59] Fixed 2 duplicate /gene - bfr_1 bfr_2
[14:41:59] Fixed 2 duplicate /gene - cysA_1 cysA_2
[14:41:59] Fixed 3 duplicate /gene - fldP_1 fldP_2 fldP_3
[14:41:59] Fixed 2 duplicate /gene - lipA_1 lipA_2
[14:41:59] Fixed 2 duplicate /gene - intS_1 intS_2
[14:41:59] Fixed 2 duplicate /gene - glnH_1 glnH_2
[14:41:59] Fixed 3 duplicate /gene - sutR_1 sutR_2 sutR_3
[14:41:59] Fixed 2 duplicate /gene - ompA_1 ompA_2
[14:41:59] Fixed 2 duplicate /gene - plcN_1 plcN_2
[14:41:59] Fixed 2 duplicate /gene - yceJ_1 yceJ_2
[14:41:59] Fixed 2 duplicate /gene - fadD_1 fadD_2
[14:41:59] Fixed 2 duplicate /gene - fhuE_1 fhuE_2
[14:41:59] Fixed 3 duplicate /gene - hmrR_1 hmrR_2 hmrR_3
[14:41:59] Fixed 2 duplicate /gene - icd_1 icd_2
[14:41:59] Fixed 3 duplicate /gene - acsA_1 acsA_2 acsA_3
[14:41:59] Fixed 2 duplicate /gene - proC_1 proC_2
[14:41:59] Fixed 3 duplicate /gene - gcvA_1 gcvA_2 gcvA_3
[14:41:59] Fixed 2 duplicate /gene - mupP_1 mupP_2
[14:41:59] Fixed 2 duplicate /gene - galE_1 galE_2
[14:41:59] Fixed 2 duplicate /gene - sadH_1 sadH_2
[14:41:59] Fixed 2 duplicate /gene - ssuC_1 ssuC_2
[14:41:59] Fixed 2 duplicate /gene - ftsA_1 ftsA_2
[14:41:59] Fixed 2 duplicate /gene - benM_1 benM_2
[14:41:59] Fixed 4 duplicate /gene - hdfR_1 hdfR_2 hdfR_3 hdfR_4
[14:41:59] Fixed 2 duplicate /gene - smf-1_1 smf-1_2
[14:41:59] Fixed 2 duplicate /gene - iutA_1 iutA_2
[14:41:59] Fixed 3 duplicate /gene - sfnC_1 sfnC_2 sfnC_3
[14:41:59] Fixed 2 duplicate /gene - glpE_1 glpE_2
[14:41:59] Fixed 2 duplicate /gene - tdh_1 tdh_2
[14:41:59] Fixed 2 duplicate /gene - gabD_1 gabD_2
[14:41:59] Fixed 2 duplicate /gene - carB_1 carB_2
[14:41:59] Fixed 2 duplicate /gene - gstB_1 gstB_2
[14:41:59] Fixed 2 duplicate /gene - ydcO_1 ydcO_2
[14:41:59] Fixed 2 duplicate /gene - prlC_1 prlC_2
[14:41:59] Fixed 3 duplicate /gene - rhtA_1 rhtA_2 rhtA_3
[14:41:59] Fixed 2 duplicate /gene - gatA_1 gatA_2
[14:41:59] Fixed 2 duplicate /gene - dnaA_1 dnaA_2
[14:41:59] Fixed 4 duplicate /gene - hcaB_1 hcaB_2 hcaB_3 hcaB_4
[14:41:59] Fixed 2 duplicate /gene - glmM_1 glmM_2
[14:41:59] Fixed 2 duplicate /gene - soxR_1 soxR_2
[14:41:59] Fixed 2 duplicate /gene - map_1 map_2
[14:41:59] Fixed 2 duplicate /gene - pgaC_1 pgaC_2
[14:41:59] Fixed 2 duplicate /gene - trpD_1 trpD_2
[14:41:59] Fixed 2 duplicate /gene - yheS_1 yheS_2
[14:41:59] Fixed 4 duplicate /gene - norG_1 norG_2 norG_3 norG_4
[14:41:59] Fixed 2 duplicate /gene - echA8_1 echA8_2
[14:41:59] Fixed 2 duplicate /gene - panS_1 panS_2
[14:41:59] Fixed 2 duplicate /gene - lipR_1 lipR_2
[14:41:59] Fixed 2 duplicate /gene - metN_1 metN_2
[14:41:59] Fixed 2 duplicate /gene - mrkD_1 mrkD_2
[14:41:59] Fixed 2 duplicate /gene - dsbC_1 dsbC_2
[14:41:59] Fixed 3 duplicate /gene - gltR_1 gltR_2 gltR_3
[14:41:59] Fixed 2 duplicate /gene - actP_1 actP_2
[14:41:59] Fixed 2 duplicate /gene - gabP_1 gabP_2
[14:41:59] Fixed 3 duplicate /gene - leuE_1 leuE_2 leuE_3
[14:41:59] Fixed 2 duplicate /gene - bamA_1 bamA_2
[14:41:59] Fixed 2 duplicate /gene - ssuB_1 ssuB_2
[14:41:59] Fixed 2 duplicate /gene - glnQ_1 glnQ_2
[14:41:59] Fixed 2 duplicate /gene - cydB_1 cydB_2
[14:41:59] Fixed 2 duplicate /gene - shlB_1 shlB_2
[14:41:59] Fixed 3 duplicate /gene - cmpR_1 cmpR_2 cmpR_3
[14:41:59] Fixed 2 duplicate /gene - ohrR_1 ohrR_2
[14:41:59] Fixed 2 duplicate /gene - fatA_1 fatA_2
[14:41:59] Fixed 2 duplicate /gene - ssuA_1 ssuA_2
[14:41:59] Fixed 2 duplicate /gene - araC_1 araC_2
[14:41:59] Fixed 2 duplicate /gene - soxC_1 soxC_2
[14:41:59] Fixed 2 duplicate /gene - namA_1 namA_2
[14:41:59] Fixed 4 duplicate /gene - cpdA_1 cpdA_2 cpdA_3 cpdA_4
[14:41:59] Fixed 2 duplicate /gene - paaH_1 paaH_2
[14:41:59] Fixed 2 duplicate /gene - tusA_1 tusA_2
[14:41:59] Fixed 2 duplicate /gene - amtB_1 amtB_2
[14:41:59] Fixed 4 duplicate /gene - exbD_1 exbD_2 exbD_3 exbD_4
[14:41:59] Fixed 2 duplicate /gene - cidB_1 cidB_2
[14:41:59] Fixed 2 duplicate /gene - tsaQ1_1 tsaQ1_2
[14:41:59] Fixed 3 duplicate /gene - lexA_1 lexA_2 lexA_3
[14:41:59] Fixed 11 duplicate /gene - mmgC_1 mmgC_2 mmgC_3 mmgC_4 mmgC_5 mmgC_6 mmgC_7 mmgC_8 mmgC_9 mmgC_10 mmgC_11
[14:41:59] Fixed 2 duplicate /gene - uvrA_1 uvrA_2
[14:41:59] Fixed 3 duplicate /gene - sasA_1 sasA_2 sasA_3
[14:41:59] Fixed 9 duplicate /gene - rhaS_1 rhaS_2 rhaS_3 rhaS_4 rhaS_5 rhaS_6 rhaS_7 rhaS_8 rhaS_9
[14:41:59] Fixed 2 duplicate /gene - sbp_1 sbp_2
[14:41:59] Fixed 4 duplicate /gene - rhtB_1 rhtB_2 rhtB_3 rhtB_4
[14:41:59] Fixed 2 duplicate /gene - arsC_1 arsC_2
[14:41:59] Fixed 3 duplicate /gene - esiB_1 esiB_2 esiB_3
[14:41:59] Fixed 2 duplicate /gene - mdtA_1 mdtA_2
[14:41:59] Fixed 2 duplicate /gene - pal_1 pal_2
[14:41:59] Fixed 2 duplicate /gene - dnaB_1 dnaB_2
[14:41:59] Fixed 2 duplicate /gene - hchA_1 hchA_2
[14:41:59] Fixed 4 duplicate /gene - gltC_1 gltC_2 gltC_3 gltC_4
[14:41:59] Fixed 235 colliding /gene names.
[14:41:59] Adding /locus_tag identifiers
[14:41:59] Assigned 3789 locus_tags to CDS and RNA features.
[14:41:59] Writing outputs to prokka_annotations/Acinetobacter_baumannii_strain1/
[14:42:01] Generating annotation statistics file
[14:42:01] Generating Genbank and Sequin files
[14:42:01] Running: tbl2asn -V b -a r10k -l paired-ends -M n -N 1 -y 'Annotated using prokka 1.14.6 from https://github.com/tseemann/prokka' -Z prokka_annotations\/Acinetobacter_baumannii_strain1\/Acinetobacter_baumannii_strain1\.err -i prokka_annotations\/Acinetobacter_baumannii_strain1\/Acinetobacter_baumannii_strain1\.fsa 2> /dev/null
[14:42:08] Deleting unwanted file: prokka_annotations/Acinetobacter_baumannii_strain1/errorsummary.val
[14:42:08] Deleting unwanted file: prokka_annotations/Acinetobacter_baumannii_strain1/Acinetobacter_baumannii_strain1.dr
[14:42:08] Deleting unwanted file: prokka_annotations/Acinetobacter_baumannii_strain1/Acinetobacter_baumannii_strain1.fixedproducts
[14:42:08] Deleting unwanted file: prokka_annotations/Acinetobacter_baumannii_strain1/Acinetobacter_baumannii_strain1.ecn
[14:42:08] Deleting unwanted file: prokka_annotations/Acinetobacter_baumannii_strain1/Acinetobacter_baumannii_strain1.val
[14:42:08] Repairing broken .GBK output that tbl2asn produces...
[14:42:08] Running: sed 's/COORDINATES: profile/COORDINATES:profile/' < prokka_annotations\/Acinetobacter_baumannii_strain1\/Acinetobacter_baumannii_strain1\.gbf > prokka_annotations\/Acinetobacter_baumannii_strain1\/Acinetobacter_baumannii_strain1\.gbk
[14:42:09] Deleting unwanted file: prokka_annotations/Acinetobacter_baumannii_strain1/Acinetobacter_baumannii_strain1.gbf
[14:42:09] Output files:
[14:42:09] prokka_annotations/Acinetobacter_baumannii_strain1/Acinetobacter_baumannii_strain1.txt
[14:42:09] prokka_annotations/Acinetobacter_baumannii_strain1/Acinetobacter_baumannii_strain1.sqn
[14:42:09] prokka_annotations/Acinetobacter_baumannii_strain1/Acinetobacter_baumannii_strain1.tbl
[14:42:09] prokka_annotations/Acinetobacter_baumannii_strain1/Acinetobacter_baumannii_strain1.gff
[14:42:09] prokka_annotations/Acinetobacter_baumannii_strain1/Acinetobacter_baumannii_strain1.err
[14:42:09] prokka_annotations/Acinetobacter_baumannii_strain1/Acinetobacter_baumannii_strain1.tsv
[14:42:09] prokka_annotations/Acinetobacter_baumannii_strain1/Acinetobacter_baumannii_strain1.gbf-r
[14:42:09] prokka_annotations/Acinetobacter_baumannii_strain1/Acinetobacter_baumannii_strain1.fna
[14:42:09] prokka_annotations/Acinetobacter_baumannii_strain1/Acinetobacter_baumannii_strain1.ffn
[14:42:09] prokka_annotations/Acinetobacter_baumannii_strain1/Acinetobacter_baumannii_strain1.log
[14:42:09] prokka_annotations/Acinetobacter_baumannii_strain1/Acinetobacter_baumannii_strain1.gbk
[14:42:09] prokka_annotations/Acinetobacter_baumannii_strain1/Acinetobacter_baumannii_strain1.fsa
[14:42:09] prokka_annotations/Acinetobacter_baumannii_strain1/Acinetobacter_baumannii_strain1.faa
[14:42:09] Annotation finished successfully.
[14:42:09] Walltime used: 2.40 minutes
[14:42:09] If you use this result please cite the Prokka paper:
[14:42:09] Seemann T (2014) Prokka: rapid prokaryotic genome annotation. Bioinformatics. 30(14):2068-9.
[14:42:09] Type 'prokka --citation' for more details.
[14:42:09] Thank you, come again.
