[14:44:24] This is prokka 1.14.6
[14:44:24] Written by Torsten Seemann <torsten.seemann@gmail.com>
[14:44:24] Homepage is https://github.com/tseemann/prokka
[14:44:24] Local time is Mon Jul 28 14:44:24 2025
[14:44:24] You are admin
[14:44:24] Operating system is darwin
[14:44:24] You have BioPerl 1.7.8
[14:44:24] System has 8 cores.
[14:44:24] Will use maximum of 8 cores.
[14:44:24] Annotating as >>> Bacteria <<<
[14:44:24] Generating locus_tag from 'genomes/Enterobacter_cloacae_strain2.fna' contents.
[14:44:24] Setting --locustag JPCKEEFE from MD5 39c4eefedfd60f537fed67773143f1a7
[14:44:24] Creating new output folder: prokka_annotations/Enterobacter_cloacae_strain2
[14:44:24] Running: mkdir -p prokka_annotations\/Enterobacter_cloacae_strain2
[14:44:24] Using filename prefix: Enterobacter_cloacae_strain2.XXX
[14:44:24] Setting HMMER_NCPU=1
[14:44:24] Writing log to: prokka_annotations/Enterobacter_cloacae_strain2/Enterobacter_cloacae_strain2.log
[14:44:24] Command: /Users/admin/miniforge3/envs/prokka-env/bin/prokka --outdir prokka_annotations/Enterobacter_cloacae_strain2 --prefix Enterobacter_cloacae_strain2 genomes/Enterobacter_cloacae_strain2.fna
[14:44:24] Appending to PATH: /Users/admin/miniforge3/envs/prokka-env/bin
[14:44:24] Looking for 'aragorn' - found /Users/admin/miniforge3/envs/prokka-env/bin/aragorn
[14:44:24] Determined aragorn version is 001002 from 'ARAGORN v1.2.41 Dean Laslett'
[14:44:24] Looking for 'barrnap' - found /Users/admin/miniforge3/envs/prokka-env/bin/barrnap
[14:44:24] Determined barrnap version is 000009 from 'barrnap 0.9'
[14:44:24] Looking for 'blastp' - found /Users/admin/miniforge3/envs/prokka-env/bin/blastp
[14:44:24] Determined blastp version is 002016 from 'blastp: 2.16.0+'
[14:44:24] Looking for 'cmpress' - found /Users/admin/miniforge3/envs/prokka-env/bin/cmpress
[14:44:25] Determined cmpress version is 001001 from '# INFERNAL 1.1.5 (Sep 2023)'
[14:44:25] Looking for 'cmscan' - found /Users/admin/miniforge3/envs/prokka-env/bin/cmscan
[14:44:25] Determined cmscan version is 001001 from '# INFERNAL 1.1.5 (Sep 2023)'
[14:44:25] Looking for 'egrep' - found /usr/bin/egrep
[14:44:25] Looking for 'find' - found /usr/bin/find
[14:44:25] Looking for 'grep' - found /usr/bin/grep
[14:44:25] Looking for 'hmmpress' - found /Users/admin/miniforge3/envs/prokka-env/bin/hmmpress
[14:44:25] Determined hmmpress version is 003004 from '# HMMER 3.4 (Aug 2023); http://hmmer.org/'
[14:44:25] Looking for 'hmmscan' - found /Users/admin/miniforge3/envs/prokka-env/bin/hmmscan
[14:44:25] Determined hmmscan version is 003004 from '# HMMER 3.4 (Aug 2023); http://hmmer.org/'
[14:44:25] Looking for 'java' - found /usr/bin/java
[14:44:25] Looking for 'makeblastdb' - found /Users/admin/miniforge3/envs/prokka-env/bin/makeblastdb
[14:44:25] Determined makeblastdb version is 002016 from 'makeblastdb: 2.16.0+'
[14:44:25] Looking for 'minced' - found /Users/admin/miniforge3/envs/prokka-env/bin/minced
[14:44:25] Determined minced version is 004002 from 'minced 0.4.2'
[14:44:25] Looking for 'parallel' - found /Users/admin/miniforge3/envs/prokka-env/bin/parallel
[14:44:25] Determined parallel version is 20250622 from 'GNU parallel 20250622'
[14:44:25] Looking for 'prodigal' - found /Users/admin/miniforge3/envs/prokka-env/bin/prodigal
[14:44:26] Determined prodigal version is 002006 from 'Prodigal V2.6.3: February, 2016'
[14:44:26] Looking for 'prokka-genbank_to_fasta_db' - found /Users/admin/miniforge3/envs/prokka-env/bin/prokka-genbank_to_fasta_db
[14:44:26] Looking for 'sed' - found /usr/bin/sed
[14:44:26] Looking for 'tbl2asn' - found /Users/admin/miniforge3/envs/prokka-env/bin/tbl2asn
[14:44:26] Determined tbl2asn version is 025007 from 'tbl2asn 25.7   arguments:'
[14:44:26] Using genetic code table 11.
[14:44:26] Loading and checking input file: genomes/Enterobacter_cloacae_strain2.fna
[14:44:26] Wrote 3105 contigs totalling 4932810 bp.
[14:44:26] Predicting tRNAs and tmRNAs
[14:44:26] Running: aragorn -l -gc11  -w prokka_annotations\/Enterobacter_cloacae_strain2\/Enterobacter_cloacae_strain2\.fna
[14:44:27] 1 tRNA-Val [1243,1319] 35 (gac)
[14:44:27] 1 tRNA-Val [2060,2135] 34 (tac)
[14:44:27] 2 tRNA-Val [2178,2253] 34 (tac)
[14:44:27] 3 tRNA-Val [2283,2358] 34 (tac)
[14:44:27] 4 tRNA-Lys [2363,2438] 34 (ttt)
[14:44:27] 1 tRNA-Ser [2502,2589] 35 (gga)
[14:44:27] 2 tRNA-Ser [5614,5700] 36 (gga)
[14:44:27] 1 tRNA-Gln c[2814,2888] 33 (ctg)
[14:44:27] 2 tRNA-Gln c[2925,2999] 33 (ctg)
[14:44:27] 3 tRNA-Met c[3039,3115] 35 (cat)
[14:44:27] 4 tRNA-Gln c[3133,3207] 33 (ttg)
[14:44:27] 5 tRNA-Gln c[3240,3314] 33 (ttg)
[14:44:27] 6 tRNA-Leu c[3338,3422] 35 (tag)
[14:44:27] 7 tRNA-Met c[3431,3507] 35 (cat)
[14:44:27] 1 tRNA-Lys [3533,3608] 34 (ttt)
[14:44:27] 2 tRNA-Val [3636,3711] 34 (tac)
[14:44:27] 3 tRNA-Lys [3715,3790] 34 (ttt)
[14:44:27] 4 tRNA-Lys [3837,3912] 34 (ttt)
[14:44:27] 5 tRNA-Lys [3935,4010] 34 (ttt)
[14:44:27] 1 tRNA-Gly [1044,1119] 34 (gcc)
[14:44:27] 2 tRNA-Gly [1165,1240] 34 (gcc)
[14:44:27] 3 tRNA-Gly [1286,1361] 34 (gcc)
[14:44:27] 1 tRNA-Met c[1,77] 35 (cat)
[14:44:27] 2 tRNA-Met c[111,187] 35 (cat)
[14:44:27] 3 tRNA-Met c[222,298] 35 (cat)
[14:44:27] 1 tRNA-Asn c[3922,3997] 34 (gtt)
[14:44:27] 1 tRNA-Met [1,77] 35 (cat)
[14:44:27] 1 tRNA-Val c[516,592] 35 (gac)
[14:44:27] 2 tRNA-Val c[597,673] 35 (gac)
[14:44:27] 1 tRNA-Arg c[2647,2723] 35 (acg)
[14:44:27] 2 tRNA-Arg c[2753,2829] 35 (acg)
[14:44:27] 3 tRNA-Arg c[2859,2935] 35 (acg)
[14:44:27] 4 tRNA-Arg [2988,3060] 31 (tcg)
[14:44:27] 5 tRNA-Arg c[3000,3076] 35 (acg)
[14:44:27] 6 tRNA-Ser c[3081,3173] 35 (gct)
[14:44:27] 1 tmRNA c[518,881] 91,126 ANDENYALAA**
[14:44:27] 1 tRNA-Ser c[33,120] 35 (tga)
[14:44:27] 1 tRNA-Asn [3074,3146] 34 (gtt)
[14:44:27] 1 tRNA-Pro c[1056,1132] 35 (tgg)
[14:44:27] 2 tRNA-Leu c[1175,1261] 35 (cag)
[14:44:27] 3 tRNA-His c[1282,1357] 34 (gtg)
[14:44:27] 4 tRNA-Arg c[1425,1501] 35 (ccg)
[14:44:28] 1 tRNA-SeC c[181,275] 35 (tca)
[14:44:28] 1 tRNA-Phe c[688,763] 34 (gaa)
[14:44:28] 1 tRNA-Leu [417,503] 35 (gag)
[14:44:28] 2 tRNA-Met [2314,2390] 35 (cat)
[14:44:28] 1 tRNA-Asp [1522,1598] 35 (gtc)
[14:44:28] 1 tRNA-Asn c[2040,2115] 34 (gtt)
[14:44:28] 1 tRNA-Ala c[1100,1175] 34 (ggc)
[14:44:28] 2 tRNA-Ala c[1217,1292] 34 (ggc)
[14:44:28] 1 tRNA-Arg c[1367,1441] 34 (cct)
[14:44:28] 1 tRNA-Gly c[1309,1382] 33 (ccc)
[14:44:28] 1 tRNA-Arg [168,244] 35 (tct)
[14:44:28] tRNA [452,525] is a pseudo/wacky gene - skipping.
[14:44:28] 3 tRNA-Thr [528,602] 34 (tgt)
[14:44:28] 1 tRNA-Asn c[1679,1754] 34 (gtt)
[14:44:28] 1 tRNA-Leu c[745,831] 35 (taa)
[14:44:28] 2 tRNA-Cys c[844,917] 33 (gca)
[14:44:28] 3 tRNA-Gly c[965,1040] 34 (gcc)
[14:44:28] 1 tRNA-Pro [146,222] 35 (tgg)
[14:44:28] 1 tRNA-Thr c[712,787] 34 (cgt)
[14:44:28] 1 tRNA-Tyr c[1334,1418] 35 (gta)
[14:44:28] 1 tRNA-Leu [278,364] 35 (cag)
[14:44:28] 2 tRNA-Leu [393,479] 35 (cag)
[14:44:28] 3 tRNA-Leu [511,597] 35 (cag)
[14:44:28] 1 tRNA-Asp [161,237] 35 (gtc)
[14:44:28] 1 tRNA-Pro c[1132,1208] 35 (ggg)
[14:44:28] 1 tRNA-Met [497,572] 34 (cat)
[14:44:28] 1 tRNA-Tyr c[14,98] 35 (gta)
[14:44:28] 2 tRNA-Thr c[107,182] 34 (tgt)
[14:44:28] 1 tRNA-Met [44,120] 35 (cat)
[14:44:28] 1 tRNA-Phe [649,724] 34 (gaa)
[14:44:28] 1 tRNA-Asn c[627,702] 34 (gtt)
[14:44:28] 1 tRNA-Ser [514,601] 35 (tga)
[14:44:28] 1 tRNA-Tyr c[41,125] 35 (gta)
[14:44:28] 1 tRNA-Asn c[33,108] 34 (gtt)
[14:44:28] 1 tRNA-Trp c[174,249] 34 (cca)
[14:44:28] 2 tRNA-Asp c[303,379] 35 (gtc)
[14:44:28] 1 tRNA-Thr [205,280] 34 (ggt)
[14:44:28] 1 tRNA-Ile [13,89] 35 (gat)
[14:44:28] 2 tRNA-Ala [197,272] 34 (tgc)
[14:44:28] 1 tRNA-Tyr c[162,246] 35 (gta)
[14:44:28] 1 tRNA-Glu c[52,127] 35 (ttc)
[14:44:28] 1 tRNA-Asn c[22,97] 34 (gtt)
[14:44:28] 1 tRNA-Thr c[67,142] 34 (ggt)
[14:44:28] 2 tRNA-Gly c[149,223] 34 (tcc)
[14:44:28] 1 tRNA-Asn [136,211] 34 (gtt)
[14:44:28] 1 tRNA-Ile [141,217] 35 (gat)
[14:44:28] 1 tRNA-Gly [160,234] 34 (tcc)
[14:44:28] Found 88 tRNAs
[14:44:28] Predicting Ribosomal RNAs
[14:44:28] Running Barrnap with 8 threads
[14:44:29] 1 1281_len_433 3 5S ribosomal RNA (partial)
[14:44:29] 2 1281_len_433 326 5S ribosomal RNA
[14:44:29] 3 1838_len_1458 1357 5S ribosomal RNA
[14:44:29] 4 1870_len_1527 2 5S ribosomal RNA
[14:44:29] 5 21_len_527 438 5S ribosomal RNA (partial)
[14:44:29] 6 3062_len_741 635 5S ribosomal RNA
[14:44:29] 7 87_len_3738 3640 5S ribosomal RNA (partial)
[14:44:29] Found 7 rRNAs
[14:44:29] Skipping ncRNA search, enable with --rfam if desired.
[14:44:29] Total of 94 tRNA + rRNA features
[14:44:29] Searching for CRISPR repeats
[14:44:30] Found 0 CRISPRs
[14:44:30] Predicting coding sequences
[14:44:30] Contigs total 4932810 bp, so using single mode
[14:44:30] Running: prodigal -i prokka_annotations\/Enterobacter_cloacae_strain2\/Enterobacter_cloacae_strain2\.fna -c -m -g 11 -p single -f sco -q
[14:44:34] Excluding CDS which overlaps existing RNA (tRNA) at 64_len_5008:3225..3359 on + strand
[14:44:34] Excluding CDS which overlaps existing RNA (tRNA) at 1493_len_3851:515..790 on + strand
[14:44:34] Excluding CDS which overlaps existing RNA (tRNA) at 1267_len_3132:985..1212 on + strand
[14:44:35] Found 5030 CDS
[14:44:35] Connecting features back to sequences
[14:44:35] Not using genus-specific database. Try --usegenus to enable it.
[14:44:35] Annotating CDS, please be patient.
[14:44:35] Will use 8 CPUs for similarity searching.
[14:44:36] There are still 5030 unannotated CDS left (started with 5030)
[14:44:36] Will use blast to search against /Users/admin/miniforge3/envs/prokka-env/db/kingdom/Bacteria/IS with 8 CPUs
[14:44:36] Running: cat prokka_annotations\/Enterobacter_cloacae_strain2\/Enterobacter_cloacae_strain2\.IS\.tmp\.22120\.faa | parallel --gnu --plain -j 8 --block 71157 --recstart '>' --pipe blastp -query - -db /Users/admin/miniforge3/envs/prokka-env/db/kingdom/Bacteria/IS -evalue 1e-30 -qcov_hsp_perc 90 -num_threads 1 -num_descriptions 1 -num_alignments 1 -seg no > prokka_annotations\/Enterobacter_cloacae_strain2\/Enterobacter_cloacae_strain2\.IS\.tmp\.22120\.blast 2> /dev/null
[14:44:48] Deleting unwanted file: prokka_annotations/Enterobacter_cloacae_strain2/Enterobacter_cloacae_strain2.IS.tmp.22120.faa
[14:44:48] Deleting unwanted file: prokka_annotations/Enterobacter_cloacae_strain2/Enterobacter_cloacae_strain2.IS.tmp.22120.blast
[14:44:48] There are still 5026 unannotated CDS left (started with 5030)
[14:44:48] Will use blast to search against /Users/admin/miniforge3/envs/prokka-env/db/kingdom/Bacteria/AMR with 8 CPUs
[14:44:48] Running: cat prokka_annotations\/Enterobacter_cloacae_strain2\/Enterobacter_cloacae_strain2\.AMR\.tmp\.22120\.faa | parallel --gnu --plain -j 8 --block 71114 --recstart '>' --pipe blastp -query - -db /Users/admin/miniforge3/envs/prokka-env/db/kingdom/Bacteria/AMR -evalue 1e-300 -qcov_hsp_perc 90 -num_threads 1 -num_descriptions 1 -num_alignments 1 -seg no > prokka_annotations\/Enterobacter_cloacae_strain2\/Enterobacter_cloacae_strain2\.AMR\.tmp\.22120\.blast 2> /dev/null
[14:44:58] Deleting unwanted file: prokka_annotations/Enterobacter_cloacae_strain2/Enterobacter_cloacae_strain2.AMR.tmp.22120.faa
[14:44:58] Deleting unwanted file: prokka_annotations/Enterobacter_cloacae_strain2/Enterobacter_cloacae_strain2.AMR.tmp.22120.blast
[14:44:58] There are still 5025 unannotated CDS left (started with 5030)
[14:44:58] Will use blast to search against /Users/admin/miniforge3/envs/prokka-env/db/kingdom/Bacteria/sprot with 8 CPUs
[14:44:58] Running: cat prokka_annotations\/Enterobacter_cloacae_strain2\/Enterobacter_cloacae_strain2\.sprot\.tmp\.22120\.faa | parallel --gnu --plain -j 8 --block 71067 --recstart '>' --pipe blastp -query - -db /Users/admin/miniforge3/envs/prokka-env/db/kingdom/Bacteria/sprot -evalue 1e-09 -qcov_hsp_perc 80 -num_threads 1 -num_descriptions 1 -num_alignments 1 -seg no > prokka_annotations\/Enterobacter_cloacae_strain2\/Enterobacter_cloacae_strain2\.sprot\.tmp\.22120\.blast 2> /dev/null
[14:45:45] Modify product: Uncharacterized protein HI_0431 => putative protein
[14:45:45] Modify product: Probable ECA polymerase => putative ECA polymerase
[14:45:45] Modify product: Uncharacterized protein YnhF => putative protein YnhF
[14:45:45] Modify product: Uncharacterized HTH-type transcriptional regulator YahB => putative HTH-type transcriptional regulator YahB
[14:45:45] Modify product: UPF0701 protein YicC => hypothetical protein
[14:45:45] Modify product: UPF0126 inner membrane protein YicG => hypothetical protein
[14:45:45] Modify product: Stress response UPF0229 protein YhbH => hypothetical protein
[14:45:45] Modify product: UPF0053 inner membrane protein YoaE => hypothetical protein
[14:45:45] Modify product: Probable glutamine ABC transporter permease protein GlnM => putative glutamine ABC transporter permease protein GlnM
[14:45:45] Modify product: Probable phosphatase YcdX => putative phosphatase YcdX
[14:45:45] Modify product: Probable hydrolase YcaC => putative hydrolase YcaC
[14:45:45] Modify product: Uncharacterized protein Rv3292 => putative protein
[14:45:45] Modify product: Probable DNA endonuclease SmrA => putative DNA endonuclease SmrA
[14:45:45] Modify product: Uncharacterized oxidoreductase YdgJ => putative oxidoreductase YdgJ
[14:45:45] Modify product: Probable 4-deoxy-4-formamido-L-arabinose-phosphoundecaprenol deformylase ArnD => putative 4-deoxy-4-formamido-L-arabinose-phosphoundecaprenol deformylase ArnD
[14:45:45] Modify product: Probable 4-amino-4-deoxy-L-arabinose-phosphoundecaprenol flippase subunit ArnE => putative 4-amino-4-deoxy-L-arabinose-phosphoundecaprenol flippase subunit ArnE
[14:45:45] Modify product: Putative acetyltransferase SACOL2570 => Putative acetyltransferase
[14:45:45] Modify product: Uncharacterized HTH-type transcriptional regulator YbdO => putative HTH-type transcriptional regulator YbdO
[14:45:45] Modify product: UPF0250 protein YbeD => hypothetical protein
[14:45:45] Modify product: Uncharacterized lipoprotein YbaY => putative lipoprotein YbaY
[14:45:45] Modify product: Glycogen operon protein GlgX homolog => Glycogen operon protein GlgX 
[14:45:45] Modify product: Probable fimbrial chaperone YraI => putative fimbrial chaperone YraI
[14:45:45] Modify product: Uncharacterized protein YciH => putative protein YciH
[14:45:45] Modify product: UPF0509 protein YciZ => hypothetical protein
[14:45:45] Modify product: UPF0149 protein HI_0817 => hypothetical protein
[14:45:45] Modify product: Uncharacterized signaling protein PA1727 => putative signaling protein
[14:45:45] Modify product: UPF0324 inner membrane protein YeiH => hypothetical protein
[14:45:45] Modify product: UPF0255 protein VV1_0328 => hypothetical protein
[14:45:45] Modify product: Deacetylase EF_0837 => Deacetylase
[14:45:45] Modify product: Acetyltransferase PA3944 => Acetyltransferase
[14:45:45] Modify product: Acetyltransferase PA3944 => Acetyltransferase
[14:45:45] Modify product: Uncharacterized protein YeaR => putative protein YeaR
[14:45:45] Modify product: Uncharacterized protein YeaR => putative protein YeaR
[14:45:45] Modify product: Probable malonic semialdehyde reductase RutE => putative malonic semialdehyde reductase RutE
[14:45:45] Modify product: Uncharacterized HTH-type transcriptional regulator YahB => putative HTH-type transcriptional regulator YahB
[14:45:45] Modify product: Probable fimbrial chaperone protein ElfD => putative fimbrial chaperone protein ElfD
[14:45:45] Modify product: 23S rRNA 5-hydroxycytidine C2501 synthase => 23S rRNA 5-hydroxycytidine synthase
[14:45:45] Modify product: Uncharacterized protein YcgM => putative protein YcgM
[14:45:45] Modify product: UPF0307 protein YjgA => hypothetical protein
[14:45:45] Modify product: Probable L-ascorbate-6-phosphate lactonase UlaG => putative L-ascorbate-6-phosphate lactonase UlaG
[14:45:45] Modify product: UPF0758 protein => hypothetical protein
[14:45:45] Modify product: UPF0401 protein YkfF => hypothetical protein
[14:45:45] Modify product: Uncharacterized protein YyaP => putative protein YyaP
[14:45:45] Modify product: Uncharacterized MFS-type transporter Rv2456c => putative MFS-type transporter
[14:45:45] Modify product: Uncharacterized lipoprotein YgdR => putative lipoprotein YgdR
[14:45:45] Modify product: UPF0053 inner membrane protein YoaE => hypothetical protein
[14:45:45] Modify product: Probable cyclic di-GMP phosphodiesterase PdeD => putative cyclic di-GMP phosphodiesterase PdeD
[14:45:45] Modify product: UPF0597 protein YhaM => hypothetical protein
[14:45:45] Modify product: Probable serine transporter => putative serine transporter
[14:45:45] Modify product: Uncharacterized metal-dependent hydrolase YcfH => putative metal-dependent hydrolase YcfH
[14:45:45] Modify product: Uncharacterized protein YedJ => putative protein YedJ
[14:45:45] Modify product: UPF0337 protein YjbJ => hypothetical protein
[14:45:45] Modify product: Uncharacterized lipoprotein YajI => putative lipoprotein YajI
[14:45:45] Modify product: Uncharacterized sugar kinase YdjH => putative sugar kinase YdjH
[14:45:45] Modify product: Probable fructose-bisphosphate aldolase => putative fructose-bisphosphate aldolase
[14:45:45] Modify product: Probable siderophore transport system permease protein YfiZ => putative siderophore transport system permease protein YfiZ
[14:45:45] Modify product: Uncharacterized protein PA3435 => putative protein
[14:45:45] Modify product: Uncharacterized protein YqcC => putative protein YqcC
[14:45:45] Modify product: Uncharacterized fimbrial-like protein YbgD => putative fimbrial-like protein YbgD
[14:45:45] Modify product: UPF0438 protein YifE => hypothetical protein
[14:45:45] Modify product: UPF0304 protein YfbU => hypothetical protein
[14:45:45] Modify product: UPF0208 membrane protein YfbV => hypothetical protein
[14:45:45] Modify product: Uncharacterized oxidoreductase YghA => putative oxidoreductase YghA
[14:45:45] Modify product: Glucuronide carrier protein homolog => Glucuronide carrier protein 
[14:45:45] Modify product: Uncharacterized fimbrial-like protein SfmF => putative fimbrial-like protein SfmF
[14:45:45] Modify product: Uncharacterized fimbrial-like protein SfmH => putative fimbrial-like protein SfmH
[14:45:45] Modify product: UPF0283 membrane protein YcjF => hypothetical protein
[14:45:45] Modify product: Uncharacterized protein YcjX => putative protein YcjX
[14:45:45] Modify product: UPF0098 protein YbhB => hypothetical protein
[14:45:45] Modify product: Probable iron export permease protein FetB => putative iron export permease protein FetB
[14:45:45] Modify product: Uncharacterized protein HI_1163 => putative protein
[14:45:45] Modify product: Probable 2-dehydro-3-deoxygalactonokinase DgoK1 => putative 2-dehydro-3-deoxygalactonokinase DgoK1
[14:45:45] Modify product: UPF0227 protein YcfP => hypothetical protein
[14:45:45] Modify product: Probable protease SohB => putative protease SohB
[14:45:45] Modify product: Probable glucarate transporter => putative glucarate transporter
[14:45:45] Modify product: UPF0234 protein YajQ => hypothetical protein
[14:45:45] Modify product: Uncharacterized signaling protein PA1727 => putative signaling protein
[14:45:45] Modify product: Uncharacterized protein YdcY => putative protein YdcY
[14:45:45] Modify product: Probable allantoin permease => putative allantoin permease
[14:45:45] Modify product: UPF0053 inner membrane protein YfjD => hypothetical protein
[14:45:45] Modify product: Uncharacterized oxidoreductase SA2266 => putative oxidoreductase
[14:45:45] Modify product: Uncharacterized protein YcbX => putative protein YcbX
[14:45:45] Modify product: Uncharacterized protein Rv0906 => putative protein
[14:45:45] Modify product: Putative cystathionine beta-synthase Rv1077 => Putative cystathionine beta-synthase
[14:45:45] Modify product: UPF0098 protein YbhB => hypothetical protein
[14:45:45] Modify product: Uncharacterized lipoprotein YceB => putative lipoprotein YceB
[14:45:45] Modify product: UPF0381 protein YiiS => hypothetical protein
[14:45:45] Modify product: Uncharacterized HTH-type transcriptional regulator YbbH => putative HTH-type transcriptional regulator YbbH
[14:45:45] Modify product: Probable peptidoglycan glycosyltransferase FtsW => putative peptidoglycan glycosyltransferase FtsW
[14:45:45] Modify product: Putative multidrug export ATP-binding/permease protein SAV1866 => Putative multidrug export ATP-binding/permease protein
[14:45:45] Modify product: UPF0394 inner membrane protein YedE => hypothetical protein
[14:45:45] Modify product: UPF0231 protein YacL => hypothetical protein
[14:45:45] Modify product: Probable nitrate reductase molybdenum cofactor assembly chaperone NarW => putative nitrate reductase molybdenum cofactor assembly chaperone NarW
[14:45:45] Modify product: Probable GTP-binding protein EngB => putative GTP-binding protein EngB
[14:45:45] Modify product: 23S rRNA 5-hydroxycytidine C2501 synthase => 23S rRNA 5-hydroxycytidine synthase
[14:45:45] Modify product: Probable protein adenylyltransferase Fic => putative protein adenylyltransferase Fic
[14:45:45] Modify product: Probable cyclic di-GMP phosphodiesterase PdeB => putative cyclic di-GMP phosphodiesterase PdeB
[14:45:45] Modify product: Probable transcriptional regulatory protein YebC => putative transcriptional regulatory protein YebC
[14:45:45] Modify product: Uncharacterized oxidoreductase SA2266 => putative oxidoreductase
[14:45:46] Modify product: UPF0145 protein YbjQ => hypothetical protein
[14:45:46] Modify product: Uncharacterized lipoprotein YbjP => putative lipoprotein YbjP
[14:45:46] Modify product: Uncharacterized oxidoreductase YdgJ => putative oxidoreductase YdgJ
[14:45:46] Modify product: Probable diguanylate cyclase DgcT => putative diguanylate cyclase DgcT
[14:45:46] Modify product: Probable ATP-dependent transporter SufC => putative ATP-dependent transporter SufC
[14:45:46] Modify product: Probable two-component-system connector protein YcgZ => putative two-component-system connector protein YcgZ
[14:45:46] Modify product: Probable two-component-system connector protein AriR => putative two-component-system connector protein AriR
[14:45:46] Modify product: Uncharacterized oxidoreductase YohF => putative oxidoreductase YohF
[14:45:46] Modify product: Uncharacterized protein YniD => putative protein YniD
[14:45:46] Modify product: Probable ketoamine kinase HMPREF0351_12196 => putative ketoamine kinase
[14:45:46] Modify product: Probable glycerol-3-phosphate acyltransferase => putative glycerol-3-phosphate acyltransferase
[14:45:46] Modify product: Uncharacterized lipoprotein YgdR => putative lipoprotein YgdR
[14:45:46] Modify product: UPF0382 inner membrane protein YgdD => hypothetical protein
[14:45:46] Modify product: D-galactonate dehydratase family member Ent638_1932 => D-galactonate dehydratase family member
[14:45:46] Modify product: UPF0060 membrane protein YnfA => hypothetical protein
[14:45:46] Modify product: UPF0482 protein YnfB => hypothetical protein
[14:45:46] Modify product: UPF0301 protein YqgE => hypothetical protein
[14:45:46] Modify product: Uncharacterized protein YggR => putative protein YggR
[14:45:46] Modify product: Probable outer membrane usher protein ElfC => putative outer membrane usher protein ElfC
[14:45:46] Modify product: Probable fimbrial chaperone LpfB => putative fimbrial chaperone LpfB
[14:45:46] Modify product: Probable major fimbrial subunit LpfA => putative major fimbrial subunit LpfA
[14:45:46] Modify product: Uncharacterized protein YbiU => putative protein YbiU
[14:45:46] Modify product: Uncharacterized protein HI_0461 => putative protein
[14:45:46] Modify product: Probable fimbrial chaperone SfmC => putative fimbrial chaperone SfmC
[14:45:46] Modify product: Bifunctional protein FolD => Bifunctional protein FolD protein
[14:45:46] Modify product: Uncharacterized protein YbcJ => putative protein YbcJ
[14:45:46] Modify product: Uncharacterized protein YhcO => putative protein YhcO
[14:45:46] Modify product: GTP cyclohydrolase 1 type 2 homolog => GTP cyclohydrolase 1 type 2 
[14:45:46] Modify product: Uncharacterized lipoprotein YgdR => putative lipoprotein YgdR
[14:45:46] Modify product: Uncharacterized protein YfeY => putative protein YfeY
[14:45:46] Modify product: Uncharacterized protein YaeQ => putative protein YaeQ
[14:45:46] Modify product: Probable cation-transporting ATPase F => putative cation-transporting ATPase F
[14:45:46] Modify product: Probable 4-amino-4-deoxy-L-arabinose-phosphoundecaprenol flippase subunit ArnF => putative 4-amino-4-deoxy-L-arabinose-phosphoundecaprenol flippase subunit ArnF
[14:45:46] Modify product: Uncharacterized protein YqjD => putative protein YqjD
[14:45:46] Modify product: Probable transport protein HsrA => putative transport protein HsrA
[14:45:46] Modify product: UPF0442 protein YjjB => hypothetical protein
[14:45:46] Modify product: Uncharacterized inner membrane transporter YedA => putative inner membrane transporter YedA
[14:45:46] Modify product: Uncharacterized oxidoreductase YhhX => putative oxidoreductase YhhX
[14:45:46] Modify product: Uncharacterized oxidoreductase YohF => putative oxidoreductase YohF
[14:45:46] Modify product: Probable protein kinase UbiB => putative protein kinase UbiB
[14:45:46] Modify product: Uncharacterized MFS-type transporter YfcJ => putative MFS-type transporter YfcJ
[14:45:46] Modify product: Uncharacterized oxidoreductase YciK => putative oxidoreductase YciK
[14:45:46] Modify product: Uncharacterized ABC transporter ATP-binding protein YbiT => putative ABC transporter ATP-binding protein YbiT
[14:45:46] Modify product: UPF0053 inner membrane protein YtfL => hypothetical protein
[14:45:46] Modify product: Uncharacterized oxidoreductase YgfF => putative oxidoreductase YgfF
[14:45:46] Modify product: Probable quinol monooxygenase YgiN => putative quinol monooxygenase YgiN
[14:45:46] Modify product: UPF0176 protein YceA => hypothetical protein
[14:45:46] Modify product: Uncharacterized protein YccJ => putative protein YccJ
[14:45:46] Modify product: Uncharacterized ABC transporter ATP-binding protein YheS => putative ABC transporter ATP-binding protein YheS
[14:45:46] Modify product: UPF0352 protein YejL => hypothetical protein
[14:45:46] Modify product: Uncharacterized protein HI_0341 => putative protein
[14:45:46] Modify product: Uncharacterized ABC transporter ATP-binding protein Rv0986 => putative ABC transporter ATP-binding protein
[14:45:46] Modify product: Probable siderophore transport system permease protein YfhA => putative siderophore transport system permease protein YfhA
[14:45:46] Modify product: UPF0434 protein YcaR => hypothetical protein
[14:45:46] Modify product: Uncharacterized protein YhhA => putative protein YhhA
[14:45:46] Modify product: Probable Fe(2+)-trafficking protein => putative Fe(2+)-trafficking protein
[14:45:46] Modify product: Uncharacterized MFS-type transporter YhhS => putative MFS-type transporter YhhS
[14:45:46] Modify product: Uncharacterized protein YncE => putative protein YncE
[14:45:46] Modify product: Uncharacterized ABC transporter ATP-binding protein YadG => putative ABC transporter ATP-binding protein YadG
[14:45:46] Modify product: Uncharacterized protein YiaX1 => putative protein YiaX1
[14:45:46] Modify product: Probable fimbrial chaperone YehC => putative fimbrial chaperone YehC
[14:45:46] Modify product: Uncharacterized ABC transporter ATP-binding protein YejF => putative ABC transporter ATP-binding protein YejF
[14:45:46] Modify product: Probable cyclic di-GMP phosphodiesterase PdeA => putative cyclic di-GMP phosphodiesterase PdeA
[14:45:46] Modify product: Probable lipoprotein YiaD => putative lipoprotein YiaD
[14:45:46] Modify product: Probable glucarate transporter => putative glucarate transporter
[14:45:46] Modify product: Acetyltransferase Atu2258 => Acetyltransferase
[14:45:46] Modify product: Probable fimbrial chaperone SfmC => putative fimbrial chaperone SfmC
[14:45:46] Modify product: Probable lipid kinase YegS => putative lipid kinase YegS
[14:45:46] Modify product: Uncharacterized inner membrane transporter YicL => putative inner membrane transporter YicL
[14:45:46] Modify product: Uncharacterized tRNA/rRNA methyltransferase YfiF => putative tRNA/rRNA methyltransferase YfiF
[14:45:46] Modify product: Uncharacterized protein YfgJ => putative protein YfgJ
[14:45:46] Modify product: Probable 3-phenylpropionic acid transporter => putative 3-phenylpropionic acid transporter
[14:45:46] Modify product: UPF0153 protein YeiW => hypothetical protein
[14:45:46] Modify product: Uncharacterized lipoprotein GfcB => putative lipoprotein GfcB
[14:45:46] Modify product: UPF0073 inner membrane protein YqfA => hypothetical protein
[14:45:46] Modify product: Probable formate transporter 1 => putative formate transporter 1
[14:45:46] Modify product: UPF0235 protein YggU => hypothetical protein
[14:45:46] Modify product: Uncharacterized metal-dependent hydrolase YjjV => putative metal-dependent hydrolase YjjV
[14:45:46] Modify product: Probable inner membrane protein Smp => putative inner membrane protein Smp
[14:45:46] Modify product: Uncharacterized protein YgaM => putative protein YgaM
[14:45:46] Modify product: UPF0716 protein FxsA => hypothetical protein
[14:45:46] Modify product: PTS system EIIBC component SA0186 => PTS system EIIBC component
[14:45:46] Modify product: Uncharacterized protein YbjN => putative protein YbjN
[14:45:46] Modify product: Epimerase family protein SA0724 => Epimerase family protein
[14:45:46] Modify product: Probable L,D-transpeptidase YnhG => putative L,D-transpeptidase YnhG
[14:45:46] Modify product: Probable acyltransferase YihG => putative acyltransferase YihG
[14:45:46] Modify product: Probable outer membrane usher protein LpfC' => putative outer membrane usher protein LpfC'
[14:45:46] Modify product: Probable intracellular septation protein A => putative intracellular septation protein A
[14:45:46] Modify product: Uncharacterized acyl-CoA thioester hydrolase HI_0827 => putative acyl-CoA thioester hydrolase
[14:45:46] Modify product: Probable multidrug ABC transporter permease YbhS => putative multidrug ABC transporter permease YbhS
[14:45:46] Modify product: Probable multidrug ABC transporter permease YbhR => putative multidrug ABC transporter permease YbhR
[14:45:46] Modify product: Probable copper-binding protein PcoE => putative copper-binding protein PcoE
[14:45:46] Modify product: Uncharacterized oxidoreductase YhhX => putative oxidoreductase YhhX
[14:45:46] Modify product: Uncharacterized membrane protein YhdT => putative membrane protein YhdT
[14:45:46] Modify product: Probable L,D-transpeptidase ErfK/SrfK => putative L,D-transpeptidase ErfK/SrfK
[14:45:46] Modify product: UPF0299 membrane protein YohJ => hypothetical protein
[14:45:46] Modify product: Probable diguanylate cyclase DgcE => putative diguanylate cyclase DgcE
[14:45:46] Modify product: UPF0253 protein YaeP => hypothetical protein
[14:45:46] Modify product: Uncharacterized HTH-type transcriptional regulator YybR => putative HTH-type transcriptional regulator YybR
[14:45:46] Modify product: Probable multidrug resistance ABC transporter ATP-binding/permease protein YheI => putative multidrug resistance ABC transporter ATP-binding/permease protein YheI
[14:45:46] Modify product: Uncharacterized protein YjbR => putative protein YjbR
[14:45:46] Modify product: Probable diguanylate cyclase DgcC => putative diguanylate cyclase DgcC
[14:45:46] Modify product: Probable manganese efflux pump MntP => putative manganese efflux pump MntP
[14:45:46] Modify product: UPF0266 membrane protein YobD => hypothetical protein
[14:45:46] Modify product: Uncharacterized lipoprotein ChiQ => putative lipoprotein ChiQ
[14:45:46] Modify product: Probable outer membrane usher protein ElfC => putative outer membrane usher protein ElfC
[14:45:47] Modify product: Uncharacterized inner membrane transporter YhbE => putative inner membrane transporter YhbE
[14:45:47] Modify product: Uncharacterized protein YtfJ => putative protein YtfJ
[14:45:47] Modify product: Uncharacterized fimbrial-like protein YadM => putative fimbrial-like protein YadM
[14:45:47] Modify product: UPF0265 protein YeeX => hypothetical protein
[14:45:47] Modify product: Uncharacterized protein YqjZ => putative protein YqjZ
[14:45:47] Modify product: Uncharacterized protein YibN => putative protein YibN
[14:45:47] Modify product: Protein SlyX homolog => Protein SlyX 
[14:45:47] Modify product: Uncharacterized protein YmdA => putative protein YmdA
[14:45:47] Modify product: Probable diguanylate cyclase DgcQ => putative diguanylate cyclase DgcQ
[14:45:47] Modify product: Probable FMN/FAD exporter YeeO => putative FMN/FAD exporter YeeO
[14:45:47] Modify product: UPF0259 membrane protein YciC => hypothetical protein
[14:45:47] Modify product: Uncharacterized ABC transporter ATP-binding protein YheS => putative ABC transporter ATP-binding protein YheS
[14:45:47] Modify product: UPF0102 protein RPA0323 => hypothetical protein
[14:45:47] Modify product: Uncharacterized protein YibL => putative protein YibL
[14:45:47] Modify product: Probable transcriptional regulator PhnF => putative transcriptional regulator PhnF
[14:45:47] Modify product: Probable fimbrial chaperone YadV => putative fimbrial chaperone YadV
[14:45:47] Modify product: Probable L,D-transpeptidase YbiS => putative L,D-transpeptidase YbiS
[14:45:47] Modify product: Solute-binding protein Csal_2479 => Solute-binding protein
[14:45:47] Modify product: Putative transport protein Rv1101c => Putative transport protein
[14:45:47] Modify product: Probable cyclic di-GMP phosphodiesterase PdeC => putative cyclic di-GMP phosphodiesterase PdeC
[14:45:47] Modify product: Uncharacterized protease YhbU => putative protease YhbU
[14:45:47] Modify product: Uncharacterized protein YfgD => putative protein YfgD
[14:45:47] Modify product: Uncharacterized protein YjdJ => putative protein YjdJ
[14:45:47] Modify product: UPF0225 protein YchJ => hypothetical protein
[14:45:47] Modify product: Uncharacterized NTE family protein Rv1063c => putative NTE family protein
[14:45:47] Modify product: Uncharacterized protein YbdM => putative protein YbdM
[14:45:47] Modify product: Uncharacterized protein YjjI => putative protein YjjI
[14:45:47] Modify product: UPF0176 protein YceA => hypothetical protein
[14:45:47] Modify product: Cytochrome b561 homolog 2 => Cytochrome b561 
[14:45:47] Modify product: Probable L,D-transpeptidase YcfS => putative L,D-transpeptidase YcfS
[14:45:47] Modify product: Probable D,D-dipeptide transport system permease protein DdpC => putative D,D-dipeptide transport system permease protein DdpC
[14:45:47] Modify product: Probable D,D-dipeptide transport ATP-binding protein DdpD => putative D,D-dipeptide transport ATP-binding protein DdpD
[14:45:47] Modify product: Probable D,D-dipeptide transport ATP-binding protein DdpF => putative D,D-dipeptide transport ATP-binding protein DdpF
[14:45:47] Modify product: Uncharacterized protein YebV => putative protein YebV
[14:45:47] Modify product: Probable membrane transporter protein YfcA => putative membrane transporter protein YfcA
[14:45:47] Modify product: Uncharacterized protein HI_1162 => putative protein
[14:45:47] Modify product: Uncharacterized protein YdiE => putative protein YdiE
[14:45:47] Modify product: Uncharacterized Nudix hydrolase YfcD => putative Nudix hydrolase YfcD
[14:45:47] Modify product: UPF0263 protein YciU => hypothetical protein
[14:45:47] Modify product: Probable ATP-dependent DNA helicase YoaA => putative ATP-dependent DNA helicase YoaA
[14:45:47] Modify product: Probable ABC transporter permease protein HI_1471 => putative ABC transporter permease protein
[14:45:47] Modify product: Probable transport protein YifK => putative transport protein YifK
[14:45:47] Modify product: Probable cyclic di-GMP phosphodiesterase PdeK => putative cyclic di-GMP phosphodiesterase PdeK
[14:45:47] Modify product: Uncharacterized MFS-type transporter YcaD => putative MFS-type transporter YcaD
[14:45:47] Modify product: Uncharacterized ABC transporter ATP-binding protein YheS => putative ABC transporter ATP-binding protein YheS
[14:45:47] Modify product: Probable L,D-transpeptidase YcbB => putative L,D-transpeptidase YcbB
[14:45:47] Modify product: Probable cyclic di-GMP phosphodiesterase PdeN => putative cyclic di-GMP phosphodiesterase PdeN
[14:45:47] Modify product: Uncharacterized protein YbiI => putative protein YbiI
[14:45:47] Modify product: Uncharacterized protein McbA => putative protein McbA
[14:45:47] Modify product: Uncharacterized protein YbiB => putative protein YbiB
[14:45:47] Modify product: Probable major fimbrial subunit LpfA => putative major fimbrial subunit LpfA
[14:45:47] Modify product: Uncharacterized protein YccU => putative protein YccU
[14:45:47] Modify product: UPF0319 protein HI_1681 => hypothetical protein
[14:45:47] Modify product: Probable transporter SCO4007 => putative transporter
[14:45:47] Modify product: Probable UbiX-like flavin prenyltransferase => putative UbiX-like flavin prenyltransferase
[14:45:47] Modify product: Probable [Fe-S]-dependent transcriptional repressor FeoC => putative [Fe-S]-dependent transcriptional repressor FeoC
[14:45:47] Modify product: Probable csgAB operon transcriptional regulatory protein => putative csgAB operon transcriptional regulatory protein
[14:45:47] Modify product: Probable diguanylate cyclase DgcC => putative diguanylate cyclase DgcC
[14:45:47] Modify product: UPF0502 protein YceH => hypothetical protein
[14:45:47] Modify product: Probable lipid II flippase MurJ => putative lipid II flippase MurJ
[14:45:47] Modify product: Probable succinyl-CoA:3-ketoacid coenzyme A transferase subunit B => putative succinyl-CoA:3-ketoacid coenzyme A transferase subunit B
[14:45:47] Modify product: Probable succinyl-CoA:3-ketoacid coenzyme A transferase subunit A => putative succinyl-CoA:3-ketoacid coenzyme A transferase subunit A
[14:45:47] Modify product: Probable sulfoacetate transporter SauU => putative sulfoacetate transporter SauU
[14:45:47] Modify product: Protease HtpX homolog => Protease HtpX 
[14:45:47] Modify product: UPF0761 membrane protein YihY => hypothetical protein
[14:45:47] Modify product: Uncharacterized protein YaiA => putative protein YaiA
[14:45:47] Modify product: UPF0178 protein YaiI => hypothetical protein
[14:45:47] Modify product: Uncharacterized protein HI_0227 => putative protein
[14:45:47] Modify product: Probable D,D-dipeptide transport system permease protein DdpB => putative D,D-dipeptide transport system permease protein DdpB
[14:45:47] Modify product: Probable D,D-dipeptide-binding periplasmic protein DdpA => putative D,D-dipeptide-binding periplasmic protein DdpA
[14:45:47] Modify product: UPF0194 membrane protein YbhG => hypothetical protein
[14:45:47] Modify product: Probable multidrug ABC transporter ATP-binding protein YbhF => putative multidrug ABC transporter ATP-binding protein YbhF
[14:45:47] Modify product: UPF0056 inner membrane protein MarC => hypothetical protein
[14:45:47] Modify product: Probable amino-acid metabolite efflux pump => putative amino-acid metabolite efflux pump
[14:45:47] Modify product: Uncharacterized protein HI_0933 => putative protein
[14:45:47] Modify product: UPF0056 inner membrane protein MarC => hypothetical protein
[14:45:47] Cleaned 281 /product names
[14:45:47] Deleting unwanted file: prokka_annotations/Enterobacter_cloacae_strain2/Enterobacter_cloacae_strain2.sprot.tmp.22120.faa
[14:45:47] Deleting unwanted file: prokka_annotations/Enterobacter_cloacae_strain2/Enterobacter_cloacae_strain2.sprot.tmp.22120.blast
[14:45:47] There are still 2000 unannotated CDS left (started with 5030)
[14:45:47] Will use hmmer3 to search against /Users/admin/miniforge3/envs/prokka-env/db/hmm/HAMAP.hmm with 8 CPUs
[14:45:47] Running: cat prokka_annotations\/Enterobacter_cloacae_strain2\/Enterobacter_cloacae_strain2\.HAMAP\.hmm\.tmp\.22120\.faa | parallel --gnu --plain -j 8 --block 21141 --recstart '>' --pipe hmmscan --noali --notextw --acc -E 1e-09 --cpu 1 /Users/admin/miniforge3/envs/prokka-env/db/hmm/HAMAP.hmm /dev/stdin > prokka_annotations\/Enterobacter_cloacae_strain2\/Enterobacter_cloacae_strain2\.HAMAP\.hmm\.tmp\.22120\.hmmer3 2> /dev/null
[14:46:16] Modify product: Uncharacterized Nudix hydrolase NudL => putative Nudix hydrolase NudL
[14:46:17] Cleaned 1 /product names
[14:46:17] Deleting unwanted file: prokka_annotations/Enterobacter_cloacae_strain2/Enterobacter_cloacae_strain2.HAMAP.hmm.tmp.22120.faa
[14:46:17] Deleting unwanted file: prokka_annotations/Enterobacter_cloacae_strain2/Enterobacter_cloacae_strain2.HAMAP.hmm.tmp.22120.hmmer3
[14:46:17] Labelling remaining 1890 proteins as 'hypothetical protein'
[14:46:17] Possible /pseudo 'Protein GltF' at 1719_len_11748 position 5195
[14:46:17] Possible /pseudo 'Type-1 fimbrial protein, A chain' at 933_len_8140 position 1192
[14:46:17] Possible /pseudo 'High-affinity branched-chain amino acid transport ATP-binding protein LivF' at 2178_len_7202 position 4217
[14:46:17] Possible /pseudo 'Deaminated glutathione amidase' at 889_len_7135 position 2588
[14:46:17] Possible /pseudo 'Trk system potassium uptake protein TrkG' at 188_len_7097 position 4047
[14:46:17] Possible /pseudo 'Acetyltransferase' at 901_len_6482 position 749
[14:46:17] Possible /pseudo 'putative protein YeaR' at 224_len_6459 position 3672
[14:46:17] Possible /pseudo 'HTH-type transcriptional activator RhaS' at 971_len_4868 position 2115
[14:46:17] Possible /pseudo 'GlcNAc-binding protein A' at 12_len_4084 position 815
[14:46:17] Possible /pseudo 'Formate dehydrogenase H' at 1358_len_3997 position 744
[14:46:17] Possible /pseudo 'IS3 family transposase ISKpn38' at 1474_len_3494 position 1963
[14:46:17] Possible /pseudo 'DnaA regulatory inactivator Hda' at 2969_len_557 position 397
[14:46:17] Found 2670 unique /gene codes.
[14:46:17] Fixed 3 duplicate /gene - srlR_1 srlR_2 srlR_3
[14:46:17] Fixed 2 duplicate /gene - dhaK_1 dhaK_2
[14:46:17] Fixed 2 duplicate /gene - fbaA_1 fbaA_2
[14:46:17] Fixed 2 duplicate /gene - malI_1 malI_2
[14:46:17] Fixed 2 duplicate /gene - rafB_1 rafB_2
[14:46:17] Fixed 2 duplicate /gene - oppA_1 oppA_2
[14:46:17] Fixed 3 duplicate /gene - cutC_1 cutC_2 cutC_3
[14:46:17] Fixed 2 duplicate /gene - dacB_1 dacB_2
[14:46:17] Fixed 2 duplicate /gene - chbC_1 chbC_2
[14:46:17] Fixed 2 duplicate /gene - trkG_1 trkG_2
[14:46:17] Fixed 2 duplicate /gene - cydB_1 cydB_2
[14:46:17] Fixed 2 duplicate /gene - kgtP_1 kgtP_2
[14:46:17] Fixed 2 duplicate /gene - rho_1 rho_2
[14:46:17] Fixed 2 duplicate /gene - thiQ_1 thiQ_2
[14:46:17] Fixed 2 duplicate /gene - sgrR_1 sgrR_2
[14:46:17] Fixed 2 duplicate /gene - ahpC_1 ahpC_2
[14:46:17] Fixed 2 duplicate /gene - yecS_1 yecS_2
[14:46:17] Fixed 2 duplicate /gene - arsD_1 arsD_2
[14:46:17] Fixed 2 duplicate /gene - fliY_1 fliY_2
[14:46:17] Fixed 2 duplicate /gene - mdtD_1 mdtD_2
[14:46:17] Fixed 2 duplicate /gene - uxaC_1 uxaC_2
[14:46:17] Fixed 2 duplicate /gene - sotB_1 sotB_2
[14:46:17] Fixed 2 duplicate /gene - hldE_1 hldE_2
[14:46:17] Fixed 2 duplicate /gene - pagP_1 pagP_2
[14:46:17] Fixed 2 duplicate /gene - elfC_1 elfC_2
[14:46:17] Fixed 2 duplicate /gene - ascG_1 ascG_2
[14:46:17] Fixed 2 duplicate /gene - metP_1 metP_2
[14:46:17] Fixed 3 duplicate /gene - gltF_1 gltF_2 gltF_3
[14:46:17] Fixed 2 duplicate /gene - hemX_1 hemX_2
[14:46:17] Fixed 3 duplicate /gene - potA_1 potA_2 potA_3
[14:46:17] Fixed 2 duplicate /gene - btuF_1 btuF_2
[14:46:17] Fixed 2 duplicate /gene - ynfM_1 ynfM_2
[14:46:17] Fixed 2 duplicate /gene - acrF_1 acrF_2
[14:46:17] Fixed 3 duplicate /gene - yicJ_1 yicJ_2 yicJ_3
[14:46:17] Fixed 2 duplicate /gene - mntB_1 mntB_2
[14:46:17] Fixed 2 duplicate /gene - fabF_1 fabF_2
[14:46:17] Fixed 2 duplicate /gene - metC_1 metC_2
[14:46:17] Fixed 8 duplicate /gene - dmlR_1 dmlR_2 dmlR_3 dmlR_4 dmlR_5 dmlR_6 dmlR_7 dmlR_8
[14:46:17] Fixed 2 duplicate /gene - potB_1 potB_2
[14:46:17] Fixed 3 duplicate /gene - hdfR_1 hdfR_2 hdfR_3
[14:46:17] Fixed 2 duplicate /gene - sbnD_1 sbnD_2
[14:46:17] Fixed 2 duplicate /gene - gstB_1 gstB_2
[14:46:17] Fixed 2 duplicate /gene - hda_1 hda_2
[14:46:17] Fixed 2 duplicate /gene - rbsR_1 rbsR_2
[14:46:17] Fixed 2 duplicate /gene - bdcA_1 bdcA_2
[14:46:17] Fixed 5 duplicate /gene - iprA_1 iprA_2 iprA_3 iprA_4 iprA_5
[14:46:17] Fixed 2 duplicate /gene - dapA_1 dapA_2
[14:46:17] Fixed 3 duplicate /gene - pgrR_1 pgrR_2 pgrR_3
[14:46:17] Fixed 2 duplicate /gene - pglJ_1 pglJ_2
[14:46:17] Fixed 2 duplicate /gene - argP_1 argP_2
[14:46:17] Fixed 3 duplicate /gene - lptB_1 lptB_2 lptB_3
[14:46:17] Fixed 2 duplicate /gene - dsbD_1 dsbD_2
[14:46:17] Fixed 3 duplicate /gene - yheS_1 yheS_2 yheS_3
[14:46:17] Fixed 2 duplicate /gene - gpr_1 gpr_2
[14:46:17] Fixed 2 duplicate /gene - gph_1 gph_2
[14:46:17] Fixed 2 duplicate /gene - ydhP_1 ydhP_2
[14:46:17] Fixed 2 duplicate /gene - umuD_1 umuD_2
[14:46:17] Fixed 2 duplicate /gene - ybeM_1 ybeM_2
[14:46:17] Fixed 2 duplicate /gene - cusC_1 cusC_2
[14:46:17] Fixed 3 duplicate /gene - lacI_1 lacI_2 lacI_3
[14:46:17] Fixed 2 duplicate /gene - yagG_1 yagG_2
[14:46:17] Fixed 2 duplicate /gene - exuT_1 exuT_2
[14:46:17] Fixed 2 duplicate /gene - loiP_1 loiP_2
[14:46:17] Fixed 2 duplicate /gene - fdoG_1 fdoG_2
[14:46:17] Fixed 2 duplicate /gene - argF_1 argF_2
[14:46:17] Fixed 2 duplicate /gene - nlpD_1 nlpD_2
[14:46:17] Fixed 2 duplicate /gene - rsmH_1 rsmH_2
[14:46:17] Fixed 3 duplicate /gene - malP_1 malP_2 malP_3
[14:46:17] Fixed 6 duplicate /gene - glnQ_1 glnQ_2 glnQ_3 glnQ_4 glnQ_5 glnQ_6
[14:46:17] Fixed 2 duplicate /gene - dnaA_1 dnaA_2
[14:46:17] Fixed 3 duplicate /gene - fdhF_1 fdhF_2 fdhF_3
[14:46:17] Fixed 2 duplicate /gene - cysE_1 cysE_2
[14:46:17] Fixed 2 duplicate /gene - arcC1_1 arcC1_2
[14:46:17] Fixed 3 duplicate /gene - purR_1 purR_2 purR_3
[14:46:17] Fixed 2 duplicate /gene - dmsA_1 dmsA_2
[14:46:17] Fixed 5 duplicate /gene - btuD_1 btuD_2 btuD_3 btuD_4 btuD_5
[14:46:17] Fixed 2 duplicate /gene - gsiD_1 gsiD_2
[14:46:17] Fixed 2 duplicate /gene - emrB_1 emrB_2
[14:46:17] Fixed 3 duplicate /gene - oxyR_1 oxyR_2 oxyR_3
[14:46:17] Fixed 2 duplicate /gene - iolE_1 iolE_2
[14:46:17] Fixed 2 duplicate /gene - gmuD_1 gmuD_2
[14:46:17] Fixed 2 duplicate /gene - dnaK_1 dnaK_2
[14:46:17] Fixed 2 duplicate /gene - gltC_1 gltC_2
[14:46:17] Fixed 2 duplicate /gene - dmsB_1 dmsB_2
[14:46:17] Fixed 2 duplicate /gene - chiP_1 chiP_2
[14:46:17] Fixed 2 duplicate /gene - betB_1 betB_2
[14:46:17] Fixed 3 duplicate /gene - emrA_1 emrA_2 emrA_3
[14:46:17] Fixed 2 duplicate /gene - bglA_1 bglA_2
[14:46:17] Fixed 2 duplicate /gene - fusA_1 fusA_2
[14:46:17] Fixed 2 duplicate /gene - gsiC_1 gsiC_2
[14:46:17] Fixed 2 duplicate /gene - rhlB_1 rhlB_2
[14:46:17] Fixed 2 duplicate /gene - motA_1 motA_2
[14:46:17] Fixed 2 duplicate /gene - lrp_1 lrp_2
[14:46:17] Fixed 2 duplicate /gene - gcvA_1 gcvA_2
[14:46:17] Fixed 2 duplicate /gene - yeiP_1 yeiP_2
[14:46:17] Fixed 2 duplicate /gene - maeA_1 maeA_2
[14:46:17] Fixed 3 duplicate /gene - marA_1 marA_2 marA_3
[14:46:17] Fixed 2 duplicate /gene - hiuH_1 hiuH_2
[14:46:17] Fixed 2 duplicate /gene - tolC_1 tolC_2
[14:46:17] Fixed 2 duplicate /gene - gltD_1 gltD_2
[14:46:17] Fixed 2 duplicate /gene - yegT_1 yegT_2
[14:46:17] Fixed 2 duplicate /gene - papC_1 papC_2
[14:46:17] Fixed 3 duplicate /gene - rbsA_1 rbsA_2 rbsA_3
[14:46:17] Fixed 2 duplicate /gene - htpX_1 htpX_2
[14:46:17] Fixed 3 duplicate /gene - norG_1 norG_2 norG_3
[14:46:17] Fixed 2 duplicate /gene - roxA_1 roxA_2
[14:46:17] Fixed 2 duplicate /gene - entS_1 entS_2
[14:46:17] Fixed 3 duplicate /gene - rcsC_1 rcsC_2 rcsC_3
[14:46:17] Fixed 3 duplicate /gene - tap_1 tap_2 tap_3
[14:46:17] Fixed 2 duplicate /gene - leuA_1 leuA_2
[14:46:17] Fixed 2 duplicate /gene - murQ_1 murQ_2
[14:46:17] Fixed 2 duplicate /gene - cusF_1 cusF_2
[14:46:17] Fixed 2 duplicate /gene - gudP_1 gudP_2
[14:46:17] Fixed 2 duplicate /gene - uspG_1 uspG_2
[14:46:17] Fixed 2 duplicate /gene - mngR_1 mngR_2
[14:46:17] Fixed 2 duplicate /gene - mipA_1 mipA_2
[14:46:17] Fixed 2 duplicate /gene - rssB_1 rssB_2
[14:46:17] Fixed 2 duplicate /gene - apbE_1 apbE_2
[14:46:17] Fixed 2 duplicate /gene - epsE_1 epsE_2
[14:46:17] Fixed 2 duplicate /gene - fimA_1 fimA_2
[14:46:17] Fixed 2 duplicate /gene - uxaB_1 uxaB_2
[14:46:17] Fixed 2 duplicate /gene - acpP_1 acpP_2
[14:46:17] Fixed 2 duplicate /gene - azoR_1 azoR_2
[14:46:17] Fixed 2 duplicate /gene - ompA_1 ompA_2
[14:46:17] Fixed 2 duplicate /gene - metQ_1 metQ_2
[14:46:17] Fixed 2 duplicate /gene - ppnN_1 ppnN_2
[14:46:17] Fixed 2 duplicate /gene - mepS_1 mepS_2
[14:46:17] Fixed 4 duplicate /gene - licC_1 licC_2 licC_3 licC_4
[14:46:17] Fixed 5 duplicate /gene - livF_1 livF_2 livF_3 livF_4 livF_5
[14:46:17] Fixed 2 duplicate /gene - cimH_1 cimH_2
[14:46:17] Fixed 3 duplicate /gene - ttuB_1 ttuB_2 ttuB_3
[14:46:17] Fixed 2 duplicate /gene - igaA_1 igaA_2
[14:46:17] Fixed 3 duplicate /gene - ybdL_1 ybdL_2 ybdL_3
[14:46:17] Fixed 2 duplicate /gene - ompN_1 ompN_2
[14:46:17] Fixed 2 duplicate /gene - sfmC_1 sfmC_2
[14:46:17] Fixed 2 duplicate /gene - xylG_1 xylG_2
[14:46:17] Fixed 2 duplicate /gene - dlsT_1 dlsT_2
[14:46:17] Fixed 2 duplicate /gene - slyB_1 slyB_2
[14:46:17] Fixed 3 duplicate /gene - tsaR_1 tsaR_2 tsaR_3
[14:46:17] Fixed 4 duplicate /gene - nimR_1 nimR_2 nimR_3 nimR_4
[14:46:17] Fixed 2 duplicate /gene - rlmJ_1 rlmJ_2
[14:46:17] Fixed 2 duplicate /gene - kduD_1 kduD_2
[14:46:17] Fixed 2 duplicate /gene - ftnA_1 ftnA_2
[14:46:17] Fixed 5 duplicate /gene - fabG_1 fabG_2 fabG_3 fabG_4 fabG_5
[14:46:17] Fixed 4 duplicate /gene - ptsG_1 ptsG_2 ptsG_3 ptsG_4
[14:46:17] Fixed 2 duplicate /gene - gabR_1 gabR_2
[14:46:17] Fixed 2 duplicate /gene - yohF_1 yohF_2
[14:46:17] Fixed 2 duplicate /gene - rob_1 rob_2
[14:46:17] Fixed 2 duplicate /gene - livJ_1 livJ_2
[14:46:17] Fixed 2 duplicate /gene - slyA_1 slyA_2
[14:46:17] Fixed 3 duplicate /gene - lacZ_1 lacZ_2 lacZ_3
[14:46:17] Fixed 3 duplicate /gene - chbA_1 chbA_2 chbA_3
[14:46:17] Fixed 3 duplicate /gene - gbpA_1 gbpA_2 gbpA_3
[14:46:17] Fixed 6 duplicate /gene - sasA_1 sasA_2 sasA_3 sasA_4 sasA_5 sasA_6
[14:46:17] Fixed 2 duplicate /gene - nqrB_1 nqrB_2
[14:46:17] Fixed 2 duplicate /gene - cusB_1 cusB_2
[14:46:17] Fixed 2 duplicate /gene - topA_1 topA_2
[14:46:17] Fixed 3 duplicate /gene - phoP_1 phoP_2 phoP_3
[14:46:17] Fixed 2 duplicate /gene - queE_1 queE_2
[14:46:17] Fixed 2 duplicate /gene - bhsA_1 bhsA_2
[14:46:17] Fixed 2 duplicate /gene - pgl_1 pgl_2
[14:46:17] Fixed 2 duplicate /gene - patA_1 patA_2
[14:46:17] Fixed 2 duplicate /gene - metN_1 metN_2
[14:46:17] Fixed 2 duplicate /gene - livH_1 livH_2
[14:46:17] Fixed 2 duplicate /gene - rodZ_1 rodZ_2
[14:46:17] Fixed 2 duplicate /gene - kdgK_1 kdgK_2
[14:46:17] Fixed 2 duplicate /gene - cusA_1 cusA_2
[14:46:17] Fixed 2 duplicate /gene - cheA_1 cheA_2
[14:46:17] Fixed 2 duplicate /gene - alx_1 alx_2
[14:46:17] Fixed 3 duplicate /gene - tar_1 tar_2 tar_3
[14:46:17] Fixed 2 duplicate /gene - prsE_1 prsE_2
[14:46:17] Fixed 2 duplicate /gene - dedA_1 dedA_2
[14:46:17] Fixed 2 duplicate /gene - ulaE_1 ulaE_2
[14:46:17] Fixed 2 duplicate /gene - gmuR_1 gmuR_2
[14:46:17] Fixed 3 duplicate /gene - lamB_1 lamB_2 lamB_3
[14:46:17] Fixed 3 duplicate /gene - mdtA_1 mdtA_2 mdtA_3
[14:46:17] Fixed 2 duplicate /gene - era_1 era_2
[14:46:17] Fixed 2 duplicate /gene - yeaR_1 yeaR_2
[14:46:17] Fixed 2 duplicate /gene - nudK_1 nudK_2
[14:46:17] Fixed 4 duplicate /gene - hcpA_1 hcpA_2 hcpA_3 hcpA_4
[14:46:17] Fixed 2 duplicate /gene - betI_1 betI_2
[14:46:17] Fixed 2 duplicate /gene - rstB_1 rstB_2
[14:46:17] Fixed 2 duplicate /gene - osmY_1 osmY_2
[14:46:17] Fixed 2 duplicate /gene - mexB_1 mexB_2
[14:46:17] Fixed 2 duplicate /gene - ubiJ_1 ubiJ_2
[14:46:17] Fixed 2 duplicate /gene - dppA_1 dppA_2
[14:46:17] Fixed 2 duplicate /gene - arsB_1 arsB_2
[14:46:17] Fixed 2 duplicate /gene - mepM_1 mepM_2
[14:46:17] Fixed 2 duplicate /gene - rluA_1 rluA_2
[14:46:17] Fixed 2 duplicate /gene - kefC_1 kefC_2
[14:46:17] Fixed 2 duplicate /gene - nadR_1 nadR_2
[14:46:17] Fixed 3 duplicate /gene - ygdR_1 ygdR_2 ygdR_3
[14:46:17] Fixed 2 duplicate /gene - dgcC_1 dgcC_2
[14:46:17] Fixed 3 duplicate /gene - cusS_1 cusS_2 cusS_3
[14:46:17] Fixed 2 duplicate /gene - yahB_1 yahB_2
[14:46:17] Fixed 2 duplicate /gene - dmsC_1 dmsC_2
[14:46:17] Fixed 2 duplicate /gene - ydgJ_1 ydgJ_2
[14:46:17] Fixed 2 duplicate /gene - pepT_1 pepT_2
[14:46:17] Fixed 2 duplicate /gene - rhsC_1 rhsC_2
[14:46:17] Fixed 2 duplicate /gene - udk_1 udk_2
[14:46:17] Fixed 2 duplicate /gene - araD_1 araD_2
[14:46:17] Fixed 5 duplicate /gene - rhaR_1 rhaR_2 rhaR_3 rhaR_4 rhaR_5
[14:46:17] Fixed 3 duplicate /gene - ompR_1 ompR_2 ompR_3
[14:46:17] Fixed 2 duplicate /gene - baeR_1 baeR_2
[14:46:17] Fixed 2 duplicate /gene - fdnG_1 fdnG_2
[14:46:17] Fixed 2 duplicate /gene - lldR_1 lldR_2
[14:46:17] Fixed 2 duplicate /gene - tabA_1 tabA_2
[14:46:17] Fixed 2 duplicate /gene - lpfA_1 lpfA_2
[14:46:17] Fixed 2 duplicate /gene - cysG_1 cysG_2
[14:46:17] Fixed 2 duplicate /gene - ulaC_1 ulaC_2
[14:46:17] Fixed 3 duplicate /gene - iolG_1 iolG_2 iolG_3
[14:46:17] Fixed 4 duplicate /gene - glpR_1 glpR_2 glpR_3 glpR_4
[14:46:17] Fixed 2 duplicate /gene - argR_1 argR_2
[14:46:17] Fixed 2 duplicate /gene - glnD_1 glnD_2
[14:46:17] Fixed 3 duplicate /gene - aaeA_1 aaeA_2 aaeA_3
[14:46:17] Fixed 2 duplicate /gene - asd_1 asd_2
[14:46:17] Fixed 2 duplicate /gene - aptB_1 aptB_2
[14:46:17] Fixed 3 duplicate /gene - cytR_1 cytR_2 cytR_3
[14:46:17] Fixed 3 duplicate /gene - rutB_1 rutB_2 rutB_3
[14:46:17] Fixed 2 duplicate /gene - rlhA_1 rlhA_2
[14:46:17] Fixed 2 duplicate /gene - lpxL_1 lpxL_2
[14:46:17] Fixed 2 duplicate /gene - fadB_1 fadB_2
[14:46:17] Fixed 2 duplicate /gene - aaeB_1 aaeB_2
[14:46:17] Fixed 2 duplicate /gene - ssuC_1 ssuC_2
[14:46:17] Fixed 2 duplicate /gene - tuf1_1 tuf1_2
[14:46:17] Fixed 2 duplicate /gene - yhhX_1 yhhX_2
[14:46:17] Fixed 2 duplicate /gene - cheW_1 cheW_2
[14:46:17] Fixed 2 duplicate /gene - aptA_1 aptA_2
[14:46:17] Fixed 2 duplicate /gene - bdhA_1 bdhA_2
[14:46:17] Fixed 2 duplicate /gene - rcsA_1 rcsA_2
[14:46:17] Fixed 3 duplicate /gene - arcA_1 arcA_2 arcA_3
[14:46:17] Fixed 8 duplicate /gene - rhaS_1 rhaS_2 rhaS_3 rhaS_4 rhaS_5 rhaS_6 rhaS_7 rhaS_8
[14:46:17] Fixed 2 duplicate /gene - celA_1 celA_2
[14:46:17] Fixed 3 duplicate /gene - tsr_1 tsr_2 tsr_3
[14:46:17] Fixed 2 duplicate /gene - bluF_1 bluF_2
[14:46:17] Fixed 3 duplicate /gene - clpP_1 clpP_2 clpP_3
[14:46:17] Fixed 2 duplicate /gene - tldD_1 tldD_2
[14:46:17] Fixed 2 duplicate /gene - purL_1 purL_2
[14:46:17] Fixed 2 duplicate /gene - ompG_1 ompG_2
[14:46:17] Fixed 3 duplicate /gene - rcsB_1 rcsB_2 rcsB_3
[14:46:17] Fixed 2 duplicate /gene - cusR_1 cusR_2
[14:46:17] Fixed 2 duplicate /gene - thlA_1 thlA_2
[14:46:17] Fixed 2 duplicate /gene - fimG_1 fimG_2
[14:46:17] Fixed 2 duplicate /gene - proP_1 proP_2
[14:46:17] Fixed 2 duplicate /gene - trg_1 trg_2
[14:46:17] Fixed 2 duplicate /gene - fabB_1 fabB_2
[14:46:17] Fixed 2 duplicate /gene - por_1 por_2
[14:46:17] Fixed 2 duplicate /gene - sutR_1 sutR_2
[14:46:17] Fixed 2 duplicate /gene - pal_1 pal_2
[14:46:17] Fixed 2 duplicate /gene - ftsI_1 ftsI_2
[14:46:17] Fixed 3 duplicate /gene - pat_1 pat_2 pat_3
[14:46:17] Fixed 2 duplicate /gene - kdgR_1 kdgR_2
[14:46:17] Fixed 2 duplicate /gene - argT_1 argT_2
[14:46:17] Fixed 2 duplicate /gene - flhC_1 flhC_2
[14:46:17] Fixed 2 duplicate /gene - nupC_1 nupC_2
[14:46:17] Fixed 4 duplicate /gene - rbsC_1 rbsC_2 rbsC_3 rbsC_4
[14:46:17] Fixed 2 duplicate /gene - malK_1 malK_2
[14:46:17] Fixed 2 duplicate /gene - puuE_1 puuE_2
[14:46:17] Fixed 2 duplicate /gene - yhaJ_1 yhaJ_2
[14:46:17] Fixed 5 duplicate /gene - menH_1 menH_2 menH_3 menH_4 menH_5
[14:46:17] Fixed 2 duplicate /gene - rhtC_1 rhtC_2
[14:46:17] Fixed 5 duplicate /gene - acrB_1 acrB_2 acrB_3 acrB_4 acrB_5
[14:46:17] Fixed 262 colliding /gene names.
[14:46:17] Adding /locus_tag identifiers
[14:46:17] Assigned 5125 locus_tags to CDS and RNA features.
[14:46:17] Writing outputs to prokka_annotations/Enterobacter_cloacae_strain2/
[14:46:18] Generating annotation statistics file
[14:46:18] Generating Genbank and Sequin files
[14:46:18] Running: tbl2asn -V b -a r10k -l paired-ends -M n -N 1 -y 'Annotated using prokka 1.14.6 from https://github.com/tseemann/prokka' -Z prokka_annotations\/Enterobacter_cloacae_strain2\/Enterobacter_cloacae_strain2\.err -i prokka_annotations\/Enterobacter_cloacae_strain2\/Enterobacter_cloacae_strain2\.fsa 2> /dev/null
[14:46:31] Deleting unwanted file: prokka_annotations/Enterobacter_cloacae_strain2/errorsummary.val
[14:46:31] Deleting unwanted file: prokka_annotations/Enterobacter_cloacae_strain2/Enterobacter_cloacae_strain2.dr
[14:46:31] Deleting unwanted file: prokka_annotations/Enterobacter_cloacae_strain2/Enterobacter_cloacae_strain2.fixedproducts
[14:46:31] Deleting unwanted file: prokka_annotations/Enterobacter_cloacae_strain2/Enterobacter_cloacae_strain2.ecn
[14:46:31] Deleting unwanted file: prokka_annotations/Enterobacter_cloacae_strain2/Enterobacter_cloacae_strain2.val
[14:46:31] Repairing broken .GBK output that tbl2asn produces...
[14:46:31] Running: sed 's/COORDINATES: profile/COORDINATES:profile/' < prokka_annotations\/Enterobacter_cloacae_strain2\/Enterobacter_cloacae_strain2\.gbf > prokka_annotations\/Enterobacter_cloacae_strain2\/Enterobacter_cloacae_strain2\.gbk
[14:46:32] Deleting unwanted file: prokka_annotations/Enterobacter_cloacae_strain2/Enterobacter_cloacae_strain2.gbf
[14:46:32] Output files:
[14:46:32] prokka_annotations/Enterobacter_cloacae_strain2/Enterobacter_cloacae_strain2.gbk
[14:46:32] prokka_annotations/Enterobacter_cloacae_strain2/Enterobacter_cloacae_strain2.ffn
[14:46:32] prokka_annotations/Enterobacter_cloacae_strain2/Enterobacter_cloacae_strain2.log
[14:46:32] prokka_annotations/Enterobacter_cloacae_strain2/Enterobacter_cloacae_strain2.gbf-r
[14:46:32] prokka_annotations/Enterobacter_cloacae_strain2/Enterobacter_cloacae_strain2.faa
[14:46:32] prokka_annotations/Enterobacter_cloacae_strain2/Enterobacter_cloacae_strain2.fsa
[14:46:32] prokka_annotations/Enterobacter_cloacae_strain2/Enterobacter_cloacae_strain2.txt
[14:46:32] prokka_annotations/Enterobacter_cloacae_strain2/Enterobacter_cloacae_strain2.err
[14:46:32] prokka_annotations/Enterobacter_cloacae_strain2/Enterobacter_cloacae_strain2.fna
[14:46:32] prokka_annotations/Enterobacter_cloacae_strain2/Enterobacter_cloacae_strain2.tsv
[14:46:32] prokka_annotations/Enterobacter_cloacae_strain2/Enterobacter_cloacae_strain2.tbl
[14:46:32] prokka_annotations/Enterobacter_cloacae_strain2/Enterobacter_cloacae_strain2.sqn
[14:46:32] prokka_annotations/Enterobacter_cloacae_strain2/Enterobacter_cloacae_strain2.gff
[14:46:32] Annotation finished successfully.
[14:46:32] Walltime used: 2.13 minutes
[14:46:32] If you use this result please cite the Prokka paper:
[14:46:32] Seemann T (2014) Prokka: rapid prokaryotic genome annotation. Bioinformatics. 30(14):2068-9.
[14:46:32] Type 'prokka --citation' for more details.
[14:46:32] Thank you, come again.
